 0.016772856408
 0.031888042012
 0.041292084337
 0.052226422891
 0.057449618167
 0.064203109672
 0.072486897407
 0.080360643503
 0.082523246321
 0.086216145368
 0.091439340644
 0.096252494281
 0.102595944148
 0.108529352376
 0.114052718965
 0.119685955880
 0.104007216308
 0.094039003624
 0.089781317830
 0.083993500967
 0.083916210994
 0.082308789952
 0.079171237841
 0.076443683115
 0.050974114942
 0.031598250906
 0.018316091007
 0.003401128006
-0.005420130857
-0.015874192823
-0.027961057892
-0.039610414688
-0.016028607449
-0.001886962161
 0.002814521174
 0.010045488282
 0.007836293437
 0.008156582364
 0.011006355063
 0.013178354627
 0.005910192240
 0.001171513624
-0.001037681220
-0.003924649198
-0.004282133405
-0.005317390746
-0.007030421220
-0.008561842931
-0.014331911827
-0.018966238633
-0.022464823349
-0.026267729240
-0.028934893041
-0.031906378018
-0.035182184171
-0.038376447711
-0.080197184352
-0.111667988718
-0.132788860811
-0.156682988899
-0.162695804392
-0.173499903154
-0.189095285186
-0.203406846735
-0.005100622451
 0.136234837823
 0.341101619213
 0.528945234416
 0.801525248183
 1.051400212386
 1.154852108896
 1.297537948148
 1.169122436088
 1.113348312178
 0.760922060668
 0.487983507182
 0.247719930180
-0.001298880384
-0.061009950046
-0.171445876004
-0.102442073538
-0.081519001393
-0.108676659569
-0.122951124885
-0.093129541478
-0.075123458716
-0.068932876599
-0.059576340626
-0.072331064531
-0.079161094209
-0.080066429659
-0.082559282142
-0.079127440397
-0.077283115685
-0.077026308008
-0.076344126424
-0.078946007821
-0.080667927195
-0.081509884545
-0.082587627008
-0.082785407448
-0.083218973001
-0.083888323668
-0.084494495904
-0.084220706116
-0.084182701442
-0.084380481881
-0.084515083890
-0.084885471012
-0.085192679704
-0.085436709964
-0.085697668835
-0.085820346659
-0.085980076778
-0.086176859192
-0.086363713473
-0.086587620048
-0.086801598492
-0.087005648802
-0.087212359348
-0.087456122189
-0.087689956897
-0.087913863473
-0.088140430283
-0.088357068962
-0.088576367875
-0.088798327024
-0.089019573364
-0.089079620118
-0.089182860171
-0.089329293523
-0.089464153266
-0.089642206307
-0.089808685739
-0.089963591562
-0.090121598523
-0.090322798784
-0.090512425435
-0.090690478477
-0.090871632658
-0.091041213229
-0.091213894940
-0.091389677790
-0.091564629692
-0.091782774893
-0.091989346485
-0.092184344467
-0.092382443589
-0.092568969100
-0.092758595752
-0.092951323542
-0.093143220385
-0.093323543618
-0.093506967990
-0.093693493502
-0.093879188066
-0.094067983770
-0.094255948525
-0.094443082333
-0.094630438793
-0.103627453349
-0.110263927133
-0.114539860144
-0.119448298149
-0.121996195381
-0.125176597607
-0.128989504827
-0.132632932845
-0.133915820089
-0.135831212328
-0.138379109560
-0.140757527590
-0.143768450614
-0.146609894435
-0.149281859055
-0.151999235489
-0.121242065338
-0.099454372911
-0.086636158210
-0.071414579195
-0.065162477905
-0.056507012302
-0.045448182386
-0.035033331997
-0.033587959333
-0.029739222355
-0.023487121065
-0.017878999302
-0.009867513226
-0.002500006676
 0.004223520347
 0.011119601163
-0.002266379126
-0.010217797522
-0.012734654023
-0.016707696995
-0.015246178072
-0.015240845620
-0.016691699640
-0.017752369670
-0.013378477806
-0.010460772412
-0.008999253490
-0.007147550579
-0.006752034138
-0.005966333709
-0.004790449290
-0.003719114357
 0.002786782471
 0.007836492828
 0.011430016715
 0.015413724590
 0.017941245994
 0.020858951388
 0.024166840770
 0.027370180667
 0.029117334094
 0.031254671510
 0.033782192914
 0.036205164834
 0.039018320742
 0.041726927166
 0.044330984105
 0.046963054994
 0.034754538063
 0.026522544653
 0.022267074764
 0.016946098610
 0.015601645977
 0.013191687078
 0.009716221913
 0.006526258291
 0.007312818191
 0.007033871825
 0.005689419192
 0.004630468103
 0.002506010747
 0.000667054935
-0.000886399333
-0.002516353509
-0.000169784164
 0.001111278916
 0.001326835728
 0.001827894085
 0.001263446175
 0.000984499809
 0.000991054986
 0.000921110255
-0.000214340742
-0.001064290196
-0.001628738106
-0.002269685924
-0.002625132198
-0.003057078380
-0.003565524471
-0.004053472473
