Eigenvalue No. 1: -0.64139110E+01 0.00000000E+00
Eigenvector    :    0.09988   0.00000
                    0.11125   0.00000
                   -0.29250   0.00000
                   -0.94451   0.00000

Eigenvalue No. 2:  0.55455535E+01 0.30854498E+01
Eigenvector    :    0.04308   0.00969
                   -0.07091   0.13892
                    0.51660  -0.01601
                    0.83957   0.04139

Eigenvalue No. 3:  0.55455535E+01-0.30854498E+01
Eigenvector    :    0.04308  -0.00969
                   -0.07091  -0.13892
                    0.51660   0.01601
                    0.83957  -0.04139

Eigenvalue No. 4:  0.23228040E+01 0.00000000E+00
Eigenvector    :   -0.14493   0.00000
                    0.35660   0.00000
                    0.91937   0.00000
                    0.08118   0.00000

