 Reading histogram parameters from file histogram.dat ... 
 Printing histogram:
  -100.00000    -99.00000       7
   -99.00000    -98.00000       8
   -98.00000    -97.00000      11
   -97.00000    -96.00000      10
   -96.00000    -95.00000       4
   -95.00000    -94.00000       6
   -94.00000    -93.00000      11
   -93.00000    -92.00000      13
   -92.00000    -91.00000      11
   -91.00000    -90.00000      15
   -90.00000    -89.00000      13
   -89.00000    -88.00000      13
   -88.00000    -87.00000      12
   -87.00000    -86.00000      11
   -86.00000    -85.00000      10
   -85.00000    -84.00000      15
   -84.00000    -83.00000      11
   -83.00000    -82.00000       7
   -82.00000    -81.00000      14
   -81.00000    -80.00000       9
   -80.00000    -79.00000       9
   -79.00000    -78.00000      13
   -78.00000    -77.00000      12
   -77.00000    -76.00000      12
   -76.00000    -75.00000      17
   -75.00000    -74.00000      19
   -74.00000    -73.00000       8
   -73.00000    -72.00000      14
   -72.00000    -71.00000      26
   -71.00000    -70.00000      14
   -70.00000    -69.00000      21
   -69.00000    -68.00000      12
   -68.00000    -67.00000      11
   -67.00000    -66.00000      23
   -66.00000    -65.00000      19
   -65.00000    -64.00000      25
   -64.00000    -63.00000      19
   -63.00000    -62.00000      11
   -62.00000    -61.00000      27
   -61.00000    -60.00000      16
   -60.00000    -59.00000      30
   -59.00000    -58.00000      33
   -58.00000    -57.00000      22
   -57.00000    -56.00000      22
   -56.00000    -55.00000      20
   -55.00000    -54.00000      22
   -54.00000    -53.00000      24
   -53.00000    -52.00000      40
   -52.00000    -51.00000      24
   -51.00000    -50.00000      38
   -50.00000    -49.00000      31
   -49.00000    -48.00000      33
   -48.00000    -47.00000      34
   -47.00000    -46.00000      37
   -46.00000    -45.00000      33
   -45.00000    -44.00000      30
   -44.00000    -43.00000      27
   -43.00000    -42.00000      33
   -42.00000    -41.00000      38
   -41.00000    -40.00000      36
   -40.00000    -39.00000      32
   -39.00000    -38.00000      35
   -38.00000    -37.00000      50
   -37.00000    -36.00000      30
   -36.00000    -35.00000      37
   -35.00000    -34.00000      47
   -34.00000    -33.00000      34
   -33.00000    -32.00000      46
   -32.00000    -31.00000      55
   -31.00000    -30.00000      48
   -30.00000    -29.00000      53
   -29.00000    -28.00000      62
   -28.00000    -27.00000      46
   -27.00000    -26.00000      66
   -26.00000    -25.00000      62
   -25.00000    -24.00000      70
   -24.00000    -23.00000      51
   -23.00000    -22.00000      64
   -22.00000    -21.00000      59
   -21.00000    -20.00000      80
   -20.00000    -19.00000      68
   -19.00000    -18.00000      74
   -18.00000    -17.00000      90
   -17.00000    -16.00000      63
   -16.00000    -15.00000      93
   -15.00000    -14.00000      82
   -14.00000    -13.00000      89
   -13.00000    -12.00000     104
   -12.00000    -11.00000      85
   -11.00000    -10.00000      89
   -10.00000     -9.00000      91
    -9.00000     -8.00000      91
    -8.00000     -7.00000     100
    -7.00000     -6.00000     110
    -6.00000     -5.00000     110
    -5.00000     -4.00000     103
    -4.00000     -3.00000     122
    -3.00000     -2.00000     102
    -2.00000     -1.00000     105
    -1.00000      0.00000     126
     0.00000      1.00000     105
     1.00000      2.00000     112
     2.00000      3.00000     114
     3.00000      4.00000      91
     4.00000      5.00000      95
     5.00000      6.00000     112
     6.00000      7.00000      94
     7.00000      8.00000      91
     8.00000      9.00000      90
     9.00000     10.00000      90
    10.00000     11.00000     101
    11.00000     12.00000      79
    12.00000     13.00000     112
    13.00000     14.00000      94
    14.00000     15.00000      91
    15.00000     16.00000      72
    16.00000     17.00000      75
    17.00000     18.00000      78
    18.00000     19.00000      87
    19.00000     20.00000      72
    20.00000     21.00000      85
    21.00000     22.00000      68
    22.00000     23.00000      63
    23.00000     24.00000      70
    24.00000     25.00000      61
    25.00000     26.00000      43
    26.00000     27.00000      65
    27.00000     28.00000      50
    28.00000     29.00000      71
    29.00000     30.00000      47
    30.00000     31.00000      32
    31.00000     32.00000      43
    32.00000     33.00000      51
    33.00000     34.00000      51
    34.00000     35.00000      42
    35.00000     36.00000      46
    36.00000     37.00000      37
    37.00000     38.00000      43
    38.00000     39.00000      37
    39.00000     40.00000      39
    40.00000     41.00000      37
    41.00000     42.00000      29
    42.00000     43.00000      45
    43.00000     44.00000      41
    44.00000     45.00000      28
    45.00000     46.00000      33
    46.00000     47.00000      32
    47.00000     48.00000      25
    48.00000     49.00000      32
    49.00000     50.00000      21
    50.00000     51.00000      28
    51.00000     52.00000      26
    52.00000     53.00000      30
    53.00000     54.00000      25
    54.00000     55.00000      35
    55.00000     56.00000      25
    56.00000     57.00000      26
    57.00000     58.00000      24
    58.00000     59.00000      23
    59.00000     60.00000      26
    60.00000     61.00000      26
    61.00000     62.00000      21
    62.00000     63.00000      19
    63.00000     64.00000      19
    64.00000     65.00000      14
    65.00000     66.00000      20
    66.00000     67.00000      19
    67.00000     68.00000      20
    68.00000     69.00000      18
    69.00000     70.00000      17
    70.00000     71.00000      18
    71.00000     72.00000      18
    72.00000     73.00000      11
    73.00000     74.00000      12
    74.00000     75.00000      14
    75.00000     76.00000      16
    76.00000     77.00000      20
    77.00000     78.00000      12
    78.00000     79.00000      13
    79.00000     80.00000       8
    80.00000     81.00000      11
    81.00000     82.00000      16
    82.00000     83.00000      12
    83.00000     84.00000      13
    84.00000     85.00000      13
    85.00000     86.00000      11
    86.00000     87.00000       5
    87.00000     88.00000       7
    88.00000     89.00000      15
    89.00000     90.00000      11
    90.00000     91.00000      15
    91.00000     92.00000      13
    92.00000     93.00000      12
    93.00000     94.00000      16
    94.00000     95.00000      12
    95.00000     96.00000       8
    96.00000     97.00000       9
    97.00000     98.00000      10
    98.00000     99.00000      13
    99.00000    100.00000       7
