     0.89996643       0.11629099
     0.80674031       0.19472011
     0.80011535       0.14849736
     0.89447200       0.17443053
     0.84020568       0.17399530
     0.86879269       0.16586366
     0.81103289       0.18044030
     0.83755737       0.11685724
     0.83181886       0.13923140
     0.78816799       0.92131905
     0.31971788       0.33335392
     0.75239351       0.99437168
     0.84539112       0.18983049
     0.85652331       0.14986103
     0.84288167       0.11822846
     0.80854832       0.11174089
     0.34089648       0.36481256
     0.86430441       0.16371312
     0.86280506       0.10995762
     0.86090474       0.11078125
     0.38400779       0.35024030
     0.77011388       0.92889103
     0.35406362       0.31281242
     0.84115828       0.10823196
     0.80797839       0.18916237
     0.79525319       0.94318455
     0.39147645       0.34003921
     0.85930310       0.11706709
     0.82730671       0.10453366
     0.81046853       0.15061811
     0.73713409       0.95110320
     0.86630247       0.13659886
     0.70905149       0.94601068
     0.85161874       0.16776037
     0.86076555       0.14785369
     0.35856994       0.33387285
     0.36188897       0.34365420
     0.83170754       0.14192459
     0.87107979       0.16246106
     0.89745675       0.13704302
     0.87800564       0.11408064
     0.86673109       0.18297397
     0.82084356       0.16219564
     0.81507093       0.10461695
     0.84969862       0.15673740
     0.83485622       0.17238021
     0.39395784       0.30423032
     0.81040231       0.11216412
     0.80146906       0.13810589
     0.82721671       0.15997959
     0.85379471       0.14326262
     0.84227587       0.17168412
     0.85350713       0.16857767
     0.36250280       0.31229335
     0.33704832       0.38200720
     0.38160054       0.33157451
     0.73473700       0.91422272
     0.85637585       0.16851892
     0.74830251       0.94363430
     0.89537970       0.18681636
     0.38507198       0.34844423
     0.81870508       0.19004751
     0.73225382       0.96796351
     0.85097366       0.19836559
     0.82729292       0.18047373
     0.89932986       0.15415510
     0.80326771       0.16389456
     0.84486834       0.12587214
     0.74907090       0.94456630
     0.39702323       0.39967237
     0.37914544       0.36515393
     0.31806681       0.33899776
     0.87762870       0.12838139
     0.84932647       0.12364127
     0.82340674       0.16777146
     0.88012646       0.16492562
     0.35289872       0.31208305
     0.83229590       0.17778784
     0.83135710       0.19433375
     0.89750413       0.13345547
     0.76346830       0.93428412
     0.85496075       0.16827588
     0.84929170       0.10999271
     0.86961315       0.17355815
     0.80134809       0.12631787
     0.89491309       0.14233957
     0.81368756       0.10002495
     0.88294933       0.10037532
     0.71560020       0.90118208
     0.84883916       0.17299720
     0.84979719       0.19657682
     0.83462277       0.15298854
     0.83000898       0.17130337
     0.84539477       0.16828026
     0.89400980       0.10236552
     0.80641432       0.18695264
     0.80891333       0.13195536
     0.80912372       0.19411115
     0.88025652       0.17533461
     0.83997173       0.14084814
     0.77608271       0.90761404
     0.80769154       0.10197818
     0.80136223       0.13846192
     0.82913790       0.13739825
     0.82722454       0.11178968
     0.87470588       0.11648926
     0.80672889       0.11726854
     0.89165950       0.16809531
     0.38690288       0.32547612
     0.82192783       0.13692354
     0.86442705       0.12778375
     0.86016398       0.15003547
     0.37696360       0.31513033
     0.85858810       0.17206659
     0.89735410       0.16967791
     0.84243731       0.16808215
     0.89419577       0.15982090
     0.87015901       0.19135975
     0.85566462       0.16709746
     0.84516407       0.19530393
     0.71180050       0.93350570
     0.89373721       0.11096616
     0.85050930       0.19568167
     0.89808160       0.10707377
     0.83530295       0.16807212
     0.84193161       0.15870056
     0.85991067       0.14626479
     0.84465306       0.10728901
     0.85297465       0.13877573
     0.78724828       0.90022318
     0.83443538       0.11913165
     0.31447226       0.39035890
     0.86602166       0.14445309
     0.82430129       0.17608611
     0.82690792       0.11909829
     0.84502469       0.11326883
     0.81131717       0.14869165
     0.89208184       0.19339463
     0.34787909       0.36124363
     0.83691733       0.16246636
     0.38491942       0.36452104
     0.38719656       0.36529260
     0.80447730       0.13818053
     0.84672796       0.16697041
     0.84206322       0.10195048
     0.73965105       0.99911805
     0.84457811       0.16377621
     0.84733149       0.15152447
     0.81299016       0.13967424
     0.88491551       0.17714853
     0.84787980       0.10247266
     0.30796821       0.36984523
     0.80457883       0.17367007
     0.89999644       0.17497923
     0.83304423       0.18237005
     0.85096102       0.19025121
     0.33672833       0.37390774
     0.81890291       0.10368008
     0.87090577       0.18373542
     0.81486065       0.10818426
     0.78940801       0.91524763
     0.82215304       0.15316126
     0.87552186       0.10407776
     0.37662786       0.35751900
     0.87820709       0.12046419
     0.80103383       0.19969287
     0.80361678       0.18920560
     0.88009177       0.13065837
     0.32168562       0.37064205
     0.75170029       0.95089781
     0.31400435       0.36727328
     0.87576312       0.18072841
     0.83259849       0.15375191
     0.87151032       0.13358489
     0.86090372       0.14258553
     0.87728129       0.19456137
     0.84212936       0.17104952
     0.81918685       0.16483387
     0.32968727       0.31554773
     0.88509602       0.17215657
     0.89501674       0.14303009
     0.38582038       0.34393312
     0.83073441       0.14100832
     0.80603557       0.12785096
     0.89410070       0.18043575
     0.89590636       0.19997228
     0.89313084       0.12485511
     0.30435824       0.34447273
     0.85762634       0.14964804
     0.31365601       0.38317632
     0.37055480       0.30931516
     0.88572673       0.14459452
     0.88789788       0.15540398
     0.86872647       0.18155514
     0.83928591       0.10551351
     0.33509068       0.38991882
     0.39548979       0.34826473
     0.34374694       0.32811619
     0.89127039       0.15073179
     0.84338539       0.18007132
     0.85396537       0.13092195
     0.33107429       0.32519658
     0.86280455       0.16709940
     0.84868715       0.11482719
     0.87338255       0.16652774
     0.88105927       0.18105337
     0.34624359       0.30687936
     0.88576065       0.17580460
     0.34570188       0.38520945
     0.87079640       0.16848952
     0.80049186       0.14615757
     0.89173661       0.16649464
     0.82975835       0.18878235
     0.84470089       0.10301686
     0.86975611       0.13454786
     0.84918601       0.12175429
     0.85368887       0.15713926
     0.87430044       0.19623355
     0.82223008       0.19965534
     0.86697296       0.14484112
     0.82145196       0.11233899
     0.83923994       0.18333796
     0.88929751       0.18256076
     0.82796900       0.12671362
     0.85637186       0.17668607
     0.85657588       0.15039551
     0.87856998       0.16224054
     0.82948006       0.15549833
     0.81755578       0.16563022
     0.88921503       0.12760546
     0.37878939       0.39661783
     0.86066707       0.14435478
     0.85192546       0.13683467
     0.80096495       0.13002738
     0.86234318       0.10474748
     0.83402831       0.10812540
     0.37931091       0.39931022
     0.81616183       0.17648637
     0.88753294       0.13961096
     0.87622753       0.13489742
     0.80460517       0.13675020
     0.86780111       0.15878000
     0.83362474       0.16734741
     0.81267850       0.18539458
     0.87820950       0.11595887
     0.81191343       0.19501737
     0.36199486       0.32310199
     0.88187901       0.13596272
     0.89802968       0.10319757
     0.87772449       0.15168095
     0.83362303       0.19639773
     0.89481713       0.16818168
     0.88190246       0.14558293
     0.81321079       0.10591498
     0.82879198       0.12173542
     0.81492897       0.15499720
     0.81129089       0.18929764
     0.83370591       0.12564790
     0.89596982       0.19106365
     0.79473288       0.93278286
     0.80727127       0.11425151
     0.36453313       0.31923324
     0.81008899       0.18714160
     0.82084934       0.17886609
     0.76106085       0.99864760
     0.88477208       0.11098625
     0.81605682       0.15557427
     0.85979080       0.16438158
     0.81720356       0.10788627
     0.76106654       0.97169735
     0.86676599       0.17676364
     0.80190752       0.16680091
     0.88530862       0.13668499
     0.83910236       0.15028440
     0.81089068       0.16225414
     0.31293751       0.36763551
     0.82587642       0.12328352
     0.89839053       0.13065721
     0.83430281       0.17486149
     0.88593966       0.10452855
     0.82558294       0.12269784
     0.83292949       0.11646456
     0.35837487       0.33842637
     0.31549306       0.33297345
     0.83906000       0.14766834
     0.88407272       0.14555016
     0.83464932       0.13961843
     0.88519621       0.17360701
     0.37079644       0.33979219
     0.87953475       0.18262003
     0.89176517       0.12455896
     0.85315952       0.14933350
     0.34774218       0.37801381
     0.32737288       0.37011165
     0.89226802       0.17005482
     0.87097884       0.11927426
     0.30450142       0.38429836
     0.88951214       0.12420833
     0.74713088       0.97350846
     0.71387901       0.99903065
     0.89777023       0.16571695
     0.31220287       0.37595965
     0.81648379       0.15090163
     0.86605696       0.15679232
     0.80757736       0.14150171
     0.89753709       0.13658845
     0.83732417       0.18442090
     0.89585594       0.12588945
     0.83218036       0.14373410
     0.81932174       0.12030819
     0.84160670       0.12555427
     0.84151274       0.18704779
     0.80135993       0.11571082
     0.78373908       0.91162777
     0.86737238       0.11582907
     0.83192601       0.15453273
     0.88426716       0.10171442
     0.84058766       0.13180181
     0.87254469       0.18717214
     0.86600375       0.10923330
     0.80918182       0.16371033
     0.84430336       0.17128103
     0.85375760       0.12304760
     0.89632043       0.19661594
     0.80794491       0.11752858
     0.81067473       0.19846513
     0.84389088       0.18444686
     0.39388204       0.34599406
     0.84902673       0.11841227
     0.81456471       0.16064330
     0.87896556       0.11861885
     0.31967840       0.33073919
     0.38143592       0.32703950
     0.88364099       0.13705096
     0.88625034       0.14079957
     0.88464420       0.16479512
     0.80080827       0.15288073
     0.80818510       0.10943204
     0.89149002       0.11216793
     0.81545863       0.10670269
     0.85348558       0.16924471
     0.81354048       0.13742442
     0.81080506       0.15387383
     0.36408514       0.34905142
     0.81273564       0.17097258
     0.88462074       0.13930005
     0.88105163       0.14637766
     0.83851733       0.14933099
     0.80481196       0.15830775
     0.33727842       0.39593364
     0.87028423       0.10427185
     0.83479634       0.10522943
     0.84300169       0.19603619
     0.85057625       0.15286284
     0.86077057       0.11861620
     0.84201976       0.16661203
     0.39927518       0.39487502
     0.74287353       0.95805127
     0.88063318       0.11068658
     0.85786203       0.17960452
     0.85549399       0.10093495
     0.76814786       0.96364204
     0.32486670       0.36777103
     0.85812933       0.16716843
     0.82152130       0.16615970
     0.85233685       0.19621242
     0.89905248       0.10993448
     0.34413063       0.34260132
     0.89311592       0.17083260
     0.83068632       0.10448363
     0.86731552       0.16783707
     0.77419775       0.93984903
     0.89397783       0.10289023
     0.89164965       0.18469305
     0.85615882       0.18679109
     0.85480671       0.14528049
     0.80967977       0.13520350
     0.80635364       0.12360456
     0.31755225       0.36520624
     0.86256003       0.16199309
     0.38153540       0.34527900
     0.88990310       0.11208444
     0.82249517       0.12602904
     0.87124967       0.16678412
     0.31741313       0.34913323
     0.88895792       0.17040253
     0.85166611       0.15783385
     0.85179033       0.17304106
     0.85337138       0.14637093
     0.84985786       0.12544707
     0.87512875       0.12289837
     0.82856214       0.18742351
     0.76360608       0.95237112
     0.38223687       0.35794029
     0.80404501       0.12077691
     0.84186896       0.18513954
     0.83676728       0.15582598
     0.85659931       0.19989747
     0.73175630       0.91167396
     0.34447660       0.36227134
     0.81088278       0.18898279
     0.87484210       0.14299169
     0.83821041       0.14526755
     0.85199661       0.15665945
     0.89465189       0.19080523
     0.86111677       0.13770254
     0.85889351       0.11980885
     0.85026209       0.14137262
     0.87706649       0.17555779
     0.86140265       0.13642943
     0.87657231       0.17515818
     0.33170018       0.35285690
     0.85017727       0.12709428
     0.87410943       0.12351742
     0.88749225       0.12588016
     0.74873734       0.90124103
     0.88094382       0.16210087
     0.88126205       0.11401062
     0.88344944       0.17088397
     0.36021664       0.30207504
     0.87174275       0.10300825
     0.83559938       0.10816222
     0.87055419       0.18725773
     0.88440406       0.18835243
     0.88341555       0.14587222
     0.88729885       0.15479050
     0.33639248       0.35911799
     0.84331242       0.17761301
     0.80842407       0.10408537
     0.82181373       0.12822746
     0.87487312       0.15071594
     0.85945963       0.14946640
     0.82909099       0.14214801
     0.32551363       0.30911962
     0.82119599       0.11353732
     0.89592458       0.18116761
     0.81237550       0.19619992
     0.36518278       0.31029246
     0.80994368       0.13336821
     0.88153560       0.15229217
     0.85001501       0.19815587
     0.87367302       0.11988097
     0.82937154       0.15709708
     0.77938131       0.96864333
     0.80621827       0.11797398
     0.82167473       0.11628589
     0.87434083       0.10836459
     0.85297520       0.12308565
     0.84541227       0.18642925
     0.89125598       0.18213931
     0.83247676       0.16363730
     0.73596125       0.94692005
     0.81020594       0.16688104
     0.86390435       0.15748567
     0.83862109       0.18092316
     0.89829475       0.13238605
     0.84883154       0.17595590
     0.87282586       0.10699298
     0.84156050       0.10092983
     0.87200183       0.16890441
     0.89526645       0.15164416
     0.81643318       0.14823369
     0.82589475       0.19963061
     0.84815288       0.17850042
     0.89617048       0.14878545
     0.36170239       0.39793318
     0.37857053       0.36302603
     0.75252180       0.92130817
     0.30948921       0.33666711
     0.81421310       0.17217863
     0.81777930       0.10210335
     0.38559720       0.35867597
     0.86536860       0.18636352
     0.38904652       0.30524270
     0.82280904       0.12416569
     0.83141859       0.18722160
     0.82911350       0.10715791
     0.81082796       0.14928231
     0.86642375       0.16947837
     0.89777282       0.13197481
     0.87454648       0.10534678
     0.86700020       0.13034749
     0.36050298       0.39345317
     0.86709286       0.11000485
     0.86363855       0.12107537
     0.89520258       0.17491894
     0.86615085       0.15100723
     0.35674044       0.36500205
     0.35353715       0.37269207
     0.83924037       0.17493059
     0.88196470       0.10346994
     0.36052960       0.36552571
     0.89473732       0.14870572
     0.88178645       0.10847944
     0.86341042       0.18509183
     0.87645502       0.17162745
     0.82306911       0.16365857
     0.83809903       0.13720389
     0.81594539       0.15980490
     0.36336647       0.32763530
     0.83012413       0.16267952
     0.71756194       0.92910584
     0.81927332       0.18972545
     0.88962346       0.18894850
     0.82913514       0.14426774
     0.83624658       0.13743277
     0.82290412       0.19765036
     0.81784041       0.11124984
     0.80146841       0.16953783
     0.89537040       0.19173490
     0.33698361       0.36518361
     0.88940398       0.10642913
     0.89432009       0.14625099
     0.82983615       0.12584085
     0.82596545       0.12924329
     0.86679332       0.10712811
     0.72825295       0.94330443
     0.80766263       0.15425222
     0.85467809       0.19738479
     0.74277464       0.94204431
     0.89194601       0.17212936
     0.81127203       0.17314462
     0.89705491       0.10230412
     0.80347644       0.17648581
     0.82882033       0.17916188
     0.79981018       0.93325555
     0.82000209       0.16978253
     0.32543878       0.34104037
     0.89168024       0.14409726
     0.83709354       0.11095836
     0.73852034       0.94874220
     0.80801015       0.16106115
     0.89292744       0.12631436
     0.89878004       0.12125049
     0.88663810       0.12140498
     0.80503368       0.14591946
     0.87592986       0.10860082
     0.88084291       0.17881521
     0.87767767       0.12055704
     0.36967900       0.38518125
     0.39142589       0.36850796
     0.85445095       0.14991289
     0.81757199       0.19203638
     0.76974956       0.96260521
     0.81562212       0.18144267
     0.83996818       0.19731526
     0.85701581       0.19672311
     0.37383295       0.34415897
     0.31611766       0.32969036
     0.81179504       0.16734745
     0.83006535       0.19897978
     0.83335705       0.11130287
     0.31490357       0.36832554
     0.81920813       0.14916236
     0.86622895       0.10756938
     0.87431704       0.13079986
     0.30263758       0.31162593
     0.86018275       0.11792819
     0.35957428       0.33518622
     0.86601329       0.15127869
     0.86353251       0.18244506
     0.30071283       0.38089549
     0.81418772       0.15996158
     0.82744790       0.14472864
     0.80414113       0.14176839
     0.80578557       0.14236685
     0.88746532       0.16292486
     0.84315305       0.19050326
     0.87082780       0.12144435
     0.84067226       0.16862690
     0.30193441       0.31877933
     0.85654567       0.17477857
     0.83950218       0.17299401
     0.84733570       0.14620602
     0.88028026       0.10625746
     0.86625192       0.15554729
     0.37095015       0.34429937
     0.87145787       0.19976282
     0.80376225       0.12719005
     0.82632939       0.17500001
     0.89333718       0.19242364
     0.81733094       0.14465880
     0.83291397       0.16016432
     0.81563546       0.12219616
     0.88582142       0.18521375
     0.31698914       0.31792025
     0.87095346       0.17747770
     0.83225518       0.11123684
     0.84480186       0.13362640
     0.83741243       0.10615012
     0.75929175       0.91890132
     0.81561913       0.12126672
     0.37863261       0.31408274
     0.83954787       0.15700925
     0.82827362       0.10762556
     0.83284028       0.18781290
     0.89061291       0.11648465
     0.81008927       0.15358400
     0.81493912       0.17907217
     0.80025840       0.17797247
     0.89522539       0.16915689
     0.73313994       0.93123605
     0.84872070       0.13378258
     0.81550978       0.11701029
     0.86868695       0.17663424
     0.89695699       0.11319612
     0.38905418       0.38853967
     0.81271664       0.13233247
     0.87370952       0.17768390
     0.33352014       0.38236936
     0.84602280       0.10182230
     0.34399972       0.35649433
     0.30454414       0.36633150
     0.83238634       0.18972686
     0.70472173       0.91000872
     0.31086897       0.34236190
     0.87129887       0.11646458
     0.83727822       0.10273970
     0.33840273       0.36509202
     0.78390387       0.94009860
     0.39971287       0.30670108
     0.88979785       0.12048340
     0.82405556       0.10812882
     0.84499401       0.10748214
     0.84890396       0.11293276
     0.82687148       0.15284507
     0.89663966       0.12967972
     0.85260993       0.11861008
     0.89598001       0.12436040
     0.87688127       0.10984464
     0.89976326       0.13958225
     0.85631698       0.15460774
     0.39000018       0.37979385
     0.32921582       0.38202387
     0.81836904       0.15960743
     0.86754412       0.15194329
     0.81607264       0.15708993
     0.80848161       0.19333296
     0.36173482       0.34918409
     0.81124642       0.19690645
     0.37796332       0.35464633
     0.87686250       0.13950688
     0.80109797       0.17676136
     0.83947065       0.11737227
     0.37049263       0.35144131
     0.83185667       0.15739473
     0.89206100       0.17450700
     0.87992450       0.18460172
     0.81448572       0.11670095
     0.88032551       0.19828178
     0.32963734       0.37702789
     0.80040924       0.17346294
     0.85875565       0.14652108
     0.77029827       0.90978868
     0.89663020       0.16985047
     0.82231661       0.15135802
     0.86336646       0.15905583
     0.83743831       0.10956195
     0.37574649       0.37185257
     0.86303530       0.13597007
     0.34168077       0.34423907
     0.83719102       0.10211725
     0.85751791       0.13033764
     0.87784293       0.19834240
     0.83135527       0.14936142
     0.83319887       0.19445753
     0.86188310       0.18576013
     0.38388265       0.39411734
     0.80223050       0.19472520
     0.83658377       0.10905666
     0.83088336       0.11097992
     0.34931036       0.34305099
     0.87322037       0.11919295
     0.80156834       0.17964267
     0.83498991       0.18908863
     0.88330647       0.16215707
     0.85533140       0.13616677
     0.82735292       0.15642028
     0.83530431       0.19658666
     0.81356004       0.17822608
     0.85535134       0.12698408
     0.33653848       0.32046997
     0.87138187       0.10694186
     0.80713553       0.12697416
     0.71939114       0.97829238
     0.89661305       0.17767756
     0.39208810       0.38436289
     0.85967218       0.10028872
     0.81409193       0.18189783
     0.31311051       0.31717552
     0.83354590       0.17158879
     0.88652885       0.19169739
     0.85892469       0.12107899
     0.81890119       0.16170913
     0.38493476       0.36957790
     0.36444559       0.35635954
     0.80559622       0.12328108
     0.82147509       0.16779401
     0.84223917       0.16767361
     0.84551596       0.16224797
     0.32525128       0.34191262
     0.87282427       0.15844110
     0.88513721       0.11104839
     0.72057081       0.99466206
     0.88935338       0.10900179
     0.80508170       0.10151064
     0.89393783       0.18508602
     0.81122306       0.12090973
     0.89796229       0.12197865
     0.84231258       0.10649875
     0.88867847       0.14018731
     0.82943106       0.16201475
     0.80089084       0.13999726
     0.84100923       0.11086998
     0.85185020       0.10289212
     0.81069828       0.19951575
     0.73038596       0.90318630
     0.81754503       0.10637401
     0.84111947       0.10444999
     0.89253086       0.16603309
     0.85530141       0.15505800
     0.84886902       0.16054514
     0.83763119       0.11413570
     0.81189496       0.18239816
     0.34872210       0.38399792
     0.88723595       0.15849180
     0.81583376       0.16002370
     0.89465362       0.12485813
     0.83973952       0.11018197
     0.89148424       0.16004238
     0.87915122       0.18650854
     0.35782425       0.38501882
     0.81506303       0.11887014
     0.75989774       0.94813466
     0.82157682       0.19529238
     0.71555478       0.92015355
     0.86376084       0.16164056
     0.30433293       0.33423658
     0.88174258       0.16442338
     0.30642130       0.34054260
     0.86560908       0.14549931
     0.82173146       0.14997071
     0.88523252       0.16387381
     0.81333877       0.11489713
     0.87420381       0.12292084
     0.88905746       0.15428800
     0.87162368       0.14408967
     0.86909662       0.13660146
     0.80742928       0.19171212
     0.34504057       0.32156303
     0.83930961       0.16328435
     0.84246813       0.10619498
     0.39688320       0.30526167
     0.89462849       0.12852109
     0.88660337       0.16725638
     0.83163778       0.15745247
     0.84005499       0.19699471
     0.89696705       0.13532791
     0.84465099       0.10927317
     0.80490639       0.12371804
     0.82920301       0.10878060
     0.85929664       0.13371330
     0.88789996       0.12479550
     0.80499983       0.11572311
     0.87792970       0.13690833
     0.82277748       0.18757975
     0.85261423       0.12374374
     0.88522173       0.12375081
     0.81792504       0.11667887
     0.30911513       0.37800515
     0.85702662       0.11218609
     0.35059916       0.31111759
     0.85442410       0.18515862
     0.86305939       0.18746867
     0.33961822       0.39234254
     0.39673402       0.30549823
     0.84987531       0.15940943
     0.73489876       0.92365010
     0.87442983       0.19885730
     0.82216973       0.12191959
     0.84156694       0.14044097
     0.83385237       0.13525056
     0.72093028       0.93044862
     0.80088003       0.16354370
     0.80890049       0.10204101
     0.87921638       0.12680849
     0.80108625       0.17411108
     0.89665211       0.12935385
     0.88371388       0.18949861
     0.37287399       0.34252340
     0.86295274       0.17372698
     0.35700290       0.39238168
     0.89942698       0.13247300
     0.84053046       0.10767339
     0.87613885       0.15686983
     0.31384240       0.39300779
     0.87234552       0.17148371
     0.77985062       0.90589999
     0.81986465       0.16620754
     0.81016699       0.10449255
     0.31602389       0.35887346
     0.86221165       0.19417128
     0.80455822       0.15134512
     0.87566766       0.15180538
     0.87469108       0.15002334
     0.31619840       0.32114542
     0.83972624       0.12937347
     0.84719795       0.13990856
     0.84698605       0.18429499
     0.78149302       0.95965202
     0.30414064       0.39151403
     0.85586537       0.17687753
     0.88203937       0.15203791
     0.84259508       0.12508522
     0.86363300       0.12382569
     0.81899084       0.16956438
     0.82772115       0.18194062
     0.32396532       0.34129434
     0.84817736       0.15564519
     0.83990414       0.12812866
     0.89365751       0.14228967
     0.84368025       0.14172798
     0.81581905       0.19683981
     0.87508690       0.19955997
     0.88508572       0.14238832
     0.88287131       0.11604846
     0.78376314       0.97416743
     0.89856014       0.16724594
     0.71097408       0.97761076
     0.84642108       0.19240410
     0.87153238       0.15159210
     0.73495001       0.92697111
     0.72806701       0.99365278
     0.88303212       0.17795620
     0.89819706       0.15194531
     0.86894599       0.16770587
     0.83231307       0.19947563
     0.81488732       0.13839470
     0.34566448       0.30057343
     0.88185818       0.11197550
     0.89071114       0.18327265
     0.86235799       0.16085195
     0.87706989       0.16811631
     0.80164544       0.16985818
     0.80420279       0.14301515
     0.84576859       0.17060812
     0.39284732       0.34674128
     0.85175035       0.11973226
     0.87517749       0.11723672
     0.87991358       0.11251249
     0.82953324       0.14301477
     0.83770305       0.14299548
     0.89829713       0.19242688
     0.83253756       0.17070209
     0.38302024       0.34492922
     0.80503310       0.17062162
     0.85910942       0.11544210
     0.85462593       0.11694735
     0.89133480       0.17452959
     0.37219961       0.32480035
     0.38406352       0.35859210
     0.31106808       0.31640846
     0.84956752       0.17290858
     0.85172053       0.12167992
     0.81838600       0.10014308
     0.81800832       0.12652205
     0.83444913       0.17164384
     0.88246580       0.14231645
     0.85335799       0.10217798
     0.85392471       0.13659095
     0.80835274       0.15530169
     0.87685174       0.15125006
     0.84329973       0.11303816
     0.80607177       0.17990604
     0.82762594       0.10357363
     0.80464162       0.14600739
     0.84445565       0.10595529
     0.31780014       0.32775566
     0.81962044       0.18356863
     0.84515322       0.13518806
     0.86756844       0.19378437
     0.34467700       0.31555001
     0.86850170       0.13939927
     0.86976067       0.18225883
     0.84094167       0.12610991
     0.82380318       0.19898850
     0.86602146       0.18940509
     0.83047244       0.17689213
     0.85298429       0.12269431
     0.72637609       0.94538852
     0.38956232       0.38771882
     0.75166570       0.93966975
     0.86023407       0.13894259
     0.86730071       0.16016685
     0.36545727       0.37981494
     0.82007609       0.10611356
     0.85300495       0.18744570
     0.80659737       0.16664706
     0.85975853       0.12702638
     0.81940026       0.15478549
     0.77810022       0.90376833
     0.89683404       0.16208859
     0.82604171       0.13552912
     0.85501743       0.14016428
     0.85897544       0.16001832
     0.87784132       0.12058852
     0.80436485       0.14032761
     0.85740107       0.10000107
     0.38169501       0.39418407
     0.88022358       0.12823896
     0.86795976       0.16424820
     0.82237037       0.13877420
     0.36279538       0.36923133
     0.82624279       0.12174614
     0.85273601       0.11703671
     0.82379521       0.16244029
     0.30991244       0.37166029
     0.81555164       0.11289005
     0.89168513       0.13772899
     0.84018196       0.11908674
     0.87393333       0.12133692
     0.88245017       0.10173044
     0.83850913       0.19346036
     0.87229451       0.14875369
     0.83145128       0.11671895
     0.85135962       0.10778431
     0.80364472       0.13161427
     0.87753663       0.10393088
     0.83348741       0.17567263
     0.83757763       0.15266119
     0.84669343       0.12602149
     0.88146313       0.10027061
     0.88043986       0.15458205
     0.83401859       0.18108274
     0.32373139       0.37042346
     0.80752854       0.13603421
     0.85147124       0.15515356
     0.86133971       0.15234099
     0.89236423       0.19278261
     0.87916931       0.16845138
     0.82904243       0.14281843
     0.88793458       0.19216776
     0.87867084       0.17722350
     0.77301061       0.93684449
     0.82473673       0.19325488
     0.84165159       0.17101275
     0.85377608       0.19503044
     0.84021305       0.14742857
     0.77838604       0.94036553
     0.89661815       0.18084266
     0.81410503       0.14546921
     0.87493384       0.14393253
     0.81360341       0.11784595
     0.87604886       0.15326181
     0.88442250       0.12660351
     0.87034138       0.19974831
     0.85078012       0.14557254
     0.89863813       0.12944915
     0.38536344       0.39930978
     0.89127135       0.17510969
     0.85442445       0.17604903
     0.84383170       0.18230945
     0.89858933       0.13482004
     0.89244680       0.14483177
     0.39064733       0.31009675
     0.37251999       0.32755509
     0.81493491       0.17035357
     0.81224524       0.11368608
     0.87013187       0.13405455
     0.31023067       0.38354308
     0.88562686       0.14431655
     0.86160946       0.13920219
     0.86822585       0.17290496
     0.30190526       0.31443084
     0.72629096       0.96171654
     0.89629842       0.15326372
     0.83934573       0.16273867
     0.86220710       0.11724077
     0.88409648       0.13436440
     0.88834931       0.16462631
     0.83236443       0.11902210
     0.88972200       0.19460604
     0.36396827       0.30537606
     0.81910088       0.19933747
     0.72635048       0.91425116
     0.87037144       0.15724895
     0.80222688       0.14204971
     0.33838467       0.32705268
     0.88520225       0.10548660
     0.72388775       0.93480802
     0.87683711       0.17057176
     0.80867312       0.16129595
     0.85862347       0.18792381
     0.82354176       0.17692512
     0.37364235       0.39793001
     0.82195211       0.19851304
     0.71300550       0.99810703
     0.87250394       0.15309468
     0.77735100       0.91879282
     0.81599932       0.16365077
