#m=0,S=5
   0.00000    0.15000
   0.10000    0.70000
   0.27000   -0.10000
   0.30000    0.15000
#m=1,S=0
   0.00000    0.15000
   0.00300    0.17846
   0.00600    0.20668
   0.00900    0.23461
   0.01200    0.26220
   0.01500    0.28941
   0.01800    0.31618
   0.02100    0.34247
   0.02400    0.36824
   0.02700    0.39342
   0.03000    0.41799
   0.03300    0.44188
   0.03600    0.46505
   0.03900    0.48746
   0.04200    0.50905
   0.04500    0.52978
   0.04800    0.54960
   0.05100    0.56847
   0.05400    0.58633
   0.05700    0.60314
   0.06000    0.61885
   0.06300    0.63341
   0.06600    0.64678
   0.06900    0.65890
   0.07200    0.66974
   0.07500    0.67924
   0.07800    0.68735
   0.08100    0.69403
   0.08400    0.69923
   0.08700    0.70290
   0.09000    0.70500
   0.09300    0.70547
   0.09600    0.70428
   0.09900    0.70136
   0.10200    0.69669
   0.10500    0.69028
   0.10800    0.68222
   0.11100    0.67259
   0.11400    0.66145
   0.11700    0.64888
   0.12000    0.63497
   0.12300    0.61978
   0.12600    0.60339
   0.12900    0.58588
   0.13200    0.56732
   0.13500    0.54780
   0.13800    0.52738
   0.14100    0.50614
   0.14400    0.48416
   0.14700    0.46152
   0.15000    0.43829
   0.15300    0.41455
   0.15600    0.39037
   0.15900    0.36582
   0.16200    0.34100
   0.16500    0.31596
   0.16800    0.29080
   0.17100    0.26558
   0.17400    0.24037
   0.17700    0.21527
   0.18000    0.19033
   0.18300    0.16565
   0.18600    0.14129
   0.18900    0.11733
   0.19200    0.09384
   0.19500    0.07091
   0.19800    0.04861
   0.20100    0.02701
   0.20400    0.00620
   0.20700   -0.01376
   0.21000   -0.03278
   0.21300   -0.05080
   0.21600   -0.06773
   0.21900   -0.08349
   0.22200   -0.09802
   0.22500   -0.11124
   0.22800   -0.12306
   0.23100   -0.13342
   0.23400   -0.14224
   0.23700   -0.14943
   0.24000   -0.15494
   0.24300   -0.15867
   0.24600   -0.16055
   0.24900   -0.16051
   0.25200   -0.15847
   0.25500   -0.15436
   0.25800   -0.14810
   0.26100   -0.13960
   0.26400   -0.12881
   0.26700   -0.11563
   0.27000   -0.10000
   0.27300   -0.08189
   0.27600   -0.06153
   0.27900   -0.03918
   0.28200   -0.01511
   0.28500    0.01040
   0.28800    0.03707
   0.29100    0.06464
   0.29400    0.09284
   0.29700    0.12138
