   0.00000    0.54030
   1.42074    0.34636
   2.45465    1.08887
   3.07056    2.04234
   3.62160    4.99120
   4.52054    4.87204
   5.86029    6.30059
   7.32849    7.39186
   8.49468    8.77669
   9.20606    9.86232
 Values of interpolating spline:
   0.00000    0.54030
   0.09206    0.49818
   0.18412    0.45680
   0.27618    0.41692
   0.36824    0.37928
   0.46030    0.34464
   0.55236    0.31373
   0.64442    0.28731
   0.73648    0.26612
   0.82855    0.25092
   0.92061    0.24244
   1.01267    0.24144
   1.10473    0.24867
   1.19679    0.26487
   1.28885    0.29079
   1.38091    0.32718
   1.47297    0.37470
   1.56503    0.43249
   1.65709    0.49843
   1.74915    0.57035
   1.84121    0.64610
   1.93327    0.72350
   2.02533    0.80040
   2.11739    0.87463
   2.20945    0.94402
   2.30151    1.00642
   2.39358    1.05966
   2.48564    1.10172
   2.57770    1.13862
   2.66976    1.18879
   2.76182    1.27169
   2.85388    1.40679
   2.94594    1.61357
   3.03800    1.91149
   3.13006    2.31727
   3.22212    2.81312
   3.31418    3.35772
   3.40624    3.90933
   3.49830    4.42620
   3.59036    4.86657
   3.68242    5.19157
   3.77448    5.39654
   3.86654    5.49926
   3.95861    5.51788
   4.05067    5.47057
   4.14273    5.37550
   4.23479    5.25081
   4.32685    5.11469
   4.41891    4.98528
   4.51097    4.88074
   4.60303    4.81657
   4.69509    4.79359
   4.78715    4.80762
   4.87921    4.85450
   4.97127    4.93004
   5.06333    5.03009
   5.15539    5.15046
   5.24745    5.28698
   5.33951    5.43548
   5.43157    5.59179
   5.52364    5.75174
   5.61570    5.91115
   5.70776    6.06584
   5.79982    6.21165
   5.89188    6.34445
   5.98394    6.46223
   6.07600    6.56624
   6.16806    6.65798
   6.26012    6.73896
   6.35218    6.81070
   6.44424    6.87468
   6.53630    6.93244
   6.62836    6.98546
   6.72042    7.03526
   6.81248    7.08334
   6.90454    7.13122
   6.99661    7.18040
   7.08867    7.23238
   7.18073    7.28868
   7.27279    7.35080
   7.36485    7.42023
   7.45691    7.49764
   7.54897    7.58260
   7.64103    7.67462
   7.73309    7.77322
   7.82515    7.87791
   7.91721    7.98819
   8.00927    8.10357
   8.10133    8.22357
   8.19339    8.34769
   8.28545    8.47544
   8.37751    8.60633
   8.46957    8.73987
   8.56164    8.87559
   8.65370    9.01314
   8.74576    9.15227
   8.83782    9.29271
   8.92988    9.43419
   9.02194    9.57646
   9.11400    9.71926
   9.20606    9.86232
