mat( 1, 1) =   0.23
mat( 2, 1) =   1.23
mat( 3, 1) =   2.23
mat( 1, 2) = 100.23
mat( 2, 2) = 101.23
mat( 3, 2) = 102.23
mat( 1, 3) = 200.23
mat( 2, 3) = 201.23
mat( 3, 3) = 202.23
mat( 1, 4) = 300.23
mat( 2, 4) = 301.23
mat( 3, 4) = 302.23
mat( 1, 5) = 400.23
mat( 2, 5) = 401.23
mat( 3, 5) = 402.23
mat( 1, 6) = 500.23
mat( 2, 6) = 501.23
mat( 3, 6) = 502.23
mat( 1, 7) = 600.23
mat( 2, 7) = 601.23
mat( 3, 7) = 602.23
mat( 1, 8) = 700.23
mat( 2, 8) = 701.23
mat( 3, 8) = 702.23
mat( 1, 9) = 800.23
mat( 2, 9) = 801.23
mat( 3, 9) = 802.23
mat( 1,10) = 900.23
mat( 2,10) = 901.23
mat( 3,10) = 902.23
