 No.       Data value       Sigma
  1        6.01339186       0.10000000
  2        5.51537699       0.10000000
  3        5.26109461       0.10000000
  4        4.77745521       0.10000000
  5        4.45135269       0.10000000
  6        3.90490309       0.10000000
  7        3.50438665       0.10000000
  8        3.41499850       0.10000000
  9        3.24273569       0.10000000
 10        3.12220385       0.10000000
 11        2.83763243       0.10000000
 12        2.53469973       0.10000000
 13        2.43917301       0.10000000
 14        2.38082984       0.10000000
 15        2.31608990       0.10000000
 16        2.06082595       0.10000000
 17        1.94567944       0.10000000
 18        1.91412647       0.10000000
 19        1.75950907       0.10000000
 20        1.66506686       0.10000000
 21        1.73792642       0.10000000
 22        1.57552330       0.10000000
 23        1.52506645       0.10000000
 24        1.40960675       0.10000000
 25        1.39520922       0.10000000
 26        1.41688652       0.10000000
 27        1.37604228       0.10000000
 28        1.26095487       0.10000000
 29        1.28962704       0.10000000
 30        1.42267218       0.10000000
 31        1.22828744       0.10000000
 32        1.19917628       0.10000000
 33        1.18998922       0.10000000
 34        0.93007612       0.10000000
 35        1.22460820       0.10000000
 36        1.14737593       0.10000000
 37        1.11400136       0.10000000
 38        1.19511785       0.10000000
 39        1.26958055       0.10000000
 40        1.06198217       0.10000000
Iteration   <--------- Fit Parameter Values --------->   Targ. function
    0       1.00000000      0.00000000      0.00000000    1.17349D+02
    1       1.64656260      0.01814555      0.64656260    7.64594D+01
    2       2.85864925      0.08091443      1.44791355    3.76859D+01
    3       4.94892814      0.11943460      1.09463075    9.58212D+00
    4       5.02174105      0.10287695      1.03389255    5.63076D+00
    5       5.04520407      0.10405524      1.01941629    5.44398D+00
Iteration complete. Final Results for 
  fit function A exp (-lambda x) + b: 
  A      =  5.04535782E+00 +/-  3.63365E-03
  lambda =  1.04049058E-01 +/-  9.96693E-06
  b      =  1.01924871E+00 +/-  1.43040E-03
  chisq / degrees_of_freedom:  8.010E-01
