#-iter  #-evals   temperature     position   energy
    0        11         0.002     39.9544            -0  -4.87201e-92
    1        21    0.00199005     31.3921            -0  -4.87201e-92
    2        31    0.00198015     1.31225     -0.797107     -0.797107
    3        41     0.0019703     1.31225     -0.797107     -0.797107
    4        51     0.0019605     1.31225     -0.797107     -0.797107
    5        61    0.00195074     1.31225     -0.797107     -0.797107
    6        71    0.00194104     1.31225     -0.797107     -0.797107
    7        81    0.00193138     1.31225     -0.797107     -0.797107
    8        91    0.00192177     1.31225     -0.797107     -0.797107
    9       101    0.00191221     1.31225     -0.797107     -0.797107
   10       111     0.0019027     1.31225     -0.797107     -0.797107
   11       121    0.00189323     1.31934     -0.816714     -0.816714
   12       131    0.00188381     1.36595     -0.872641     -0.872641
   13       141    0.00187444     1.36595     -0.872641     -0.872641
   14       151    0.00186511     1.36595     -0.872641     -0.872641
   15       161    0.00185583     1.36595     -0.872641     -0.872641
   16       171     0.0018466     1.36595     -0.872641     -0.872641
   17       181    0.00183741     1.36595     -0.872641     -0.872641
   18       191    0.00182827     1.36595     -0.872641     -0.872641
   19       201    0.00181918     1.36595     -0.872641     -0.872641
   20       211    0.00181013     1.36595     -0.872641     -0.872641
   21       221    0.00180112     1.36595     -0.872641     -0.872641
   22       231    0.00179216     1.36595     -0.872641     -0.872641
   23       241    0.00178324     1.36595     -0.872641     -0.872641
   24       251    0.00177437     1.36595     -0.872641     -0.872641
   25       261    0.00176554     1.36595     -0.872641     -0.872641
   26       271    0.00175676     1.36595     -0.872641     -0.872641
   27       281    0.00174802     1.36595     -0.872641     -0.872641
   28       291    0.00173932     1.36595     -0.872641     -0.872641
   29       301    0.00173067     1.36595     -0.872641     -0.872641
   30       311    0.00172206     1.36595     -0.872641     -0.872641
   31       321    0.00171349     1.36595     -0.872641     -0.872641
   32       331    0.00170497     1.36595     -0.872641     -0.872641
   33       341    0.00169648     1.36595     -0.872641     -0.872641
   34       351    0.00168804     1.36595     -0.872641     -0.872641
   35       361    0.00167965     1.36595     -0.872641     -0.872641
   36       371    0.00167129     1.36595     -0.872641     -0.872641
   37       381    0.00166297     1.36595     -0.872641     -0.872641
   38       391     0.0016547     1.36595     -0.872641     -0.872641
   39       401    0.00164647     1.36595     -0.872641     -0.872641
   40       411    0.00163828     1.36595     -0.872641     -0.872641
   41       421    0.00163013     1.36595     -0.872641     -0.872641
   42       431    0.00162202     1.36595     -0.872641     -0.872641
   43       441    0.00161395     1.36595     -0.872641     -0.872641
   44       451    0.00160592     1.36595     -0.872641     -0.872641
   45       461    0.00159793     1.36595     -0.872641     -0.872641
   46       471    0.00158998     1.36595     -0.872641     -0.872641
   47       481    0.00158207     1.36595     -0.872641     -0.872641
   48       491     0.0015742     1.36595     -0.872641     -0.872641
   49       501    0.00156636     1.36595     -0.872641     -0.872641
   50       511    0.00155857     1.36595     -0.872641     -0.872641
   51       521    0.00155082     1.36595     -0.872641     -0.872641
   52       531     0.0015431     1.36595     -0.872641     -0.872641
   53       541    0.00153543     1.36595     -0.872641     -0.872641
   54       551    0.00152779     1.36595     -0.872641     -0.872641
   55       561    0.00152019     1.36595     -0.872641     -0.872641
   56       571    0.00151262     1.36595     -0.872641     -0.872641
   57       581     0.0015051     1.36595     -0.872641     -0.872641
   58       591    0.00149761     1.36595     -0.872641     -0.872641
   59       601    0.00149016     1.36595     -0.872641     -0.872641
   60       611    0.00148274     1.36595     -0.872641     -0.872641
   61       621    0.00147537     1.36595     -0.872641     -0.872641
   62       631    0.00146803     1.36595     -0.872641     -0.872641
   63       641    0.00146072     1.36595     -0.872641     -0.872641
   64       651    0.00145346     1.36595     -0.872641     -0.872641
   65       661    0.00144623     1.36595     -0.872641     -0.872641
   66       671    0.00143903     1.36595     -0.872641     -0.872641
   67       681    0.00143187     1.36595     -0.872641     -0.872641
   68       691    0.00142475     1.36595     -0.872641     -0.872641
   69       701    0.00141766     1.36595     -0.872641     -0.872641
   70       711    0.00141061     1.36595     -0.872641     -0.872641
   71       721    0.00140359     1.36595     -0.872641     -0.872641
   72       731     0.0013966     1.36595     -0.872641     -0.872641
   73       741    0.00138966     1.36595     -0.872641     -0.872641
   74       751    0.00138274     1.36009     -0.872603     -0.872641
   75       761    0.00137586     1.36009     -0.872603     -0.872641
   76       771    0.00136902     1.36009     -0.872603     -0.872641
   77       781    0.00136221     1.36009     -0.872603     -0.872641
   78       791    0.00135543     1.36009     -0.872603     -0.872641
   79       801    0.00134869     1.36009     -0.872603     -0.872641
   80       811    0.00134198     1.36476     -0.872794     -0.872794
   81       821     0.0013353     1.36476     -0.872794     -0.872794
   82       831    0.00132866     1.36476     -0.872794     -0.872794
   83       841    0.00132205     1.36476     -0.872794     -0.872794
   84       851    0.00131547     1.36476     -0.872794     -0.872794
   85       861    0.00130892     1.36476     -0.872794     -0.872794
   86       871    0.00130241     1.36476     -0.872794     -0.872794
   87       881    0.00129593     1.36476     -0.872794     -0.872794
   88       891    0.00128949     1.36476     -0.872794     -0.872794
   89       901    0.00128307     1.36476     -0.872794     -0.872794
   90       911    0.00127669     1.36476     -0.872794     -0.872794
   91       921    0.00127034     1.36476     -0.872794     -0.872794
   92       931    0.00126402     1.36476     -0.872794     -0.872794
   93       941    0.00125773     1.36476     -0.872794     -0.872794
   94       951    0.00125147     1.36476     -0.872794     -0.872794
   95       961    0.00124524     1.36476     -0.872794     -0.872794
   96       971    0.00123905     1.36476     -0.872794     -0.872794
   97       981    0.00123288     1.36476     -0.872794     -0.872794
   98       991    0.00122675     1.36476     -0.872794     -0.872794
   99      1001    0.00122065     1.36476     -0.872794     -0.872794
  100      1011    0.00121457     1.36476     -0.872794     -0.872794
  101      1021    0.00120853     1.36476     -0.872794     -0.872794
  102      1031    0.00120252     1.36476     -0.872794     -0.872794
  103      1041    0.00119654     1.36476     -0.872794     -0.872794
  104      1051    0.00119058     1.36494     -0.872776     -0.872794
  105      1061    0.00118466     1.36494     -0.872776     -0.872794
  106      1071    0.00117877     1.36494     -0.872776     -0.872794
  107      1081     0.0011729     1.36494     -0.872776     -0.872794
  108      1091    0.00116707     1.36494     -0.872776     -0.872794
  109      1101    0.00116126     1.36494     -0.872776     -0.872794
  110      1111    0.00115548     1.36494     -0.872776     -0.872794
  111      1121    0.00114973     1.36494     -0.872776     -0.872794
  112      1131    0.00114401     1.36494     -0.872776     -0.872794
  113      1141    0.00113832     1.36494     -0.872776     -0.872794
  114      1151    0.00113266     1.36494     -0.872776     -0.872794
  115      1161    0.00112702     1.36494     -0.872776     -0.872794
  116      1171    0.00112142     1.36494     -0.872776     -0.872794
  117      1181    0.00111584     1.36494     -0.872776     -0.872794
  118      1191    0.00111029     1.36494     -0.872776     -0.872794
  119      1201    0.00110476     1.36494     -0.872776     -0.872794
  120      1211    0.00109927     1.36494     -0.872776     -0.872794
  121      1221     0.0010938     1.36494     -0.872776     -0.872794
  122      1231    0.00108835     1.36494     -0.872776     -0.872794
  123      1241    0.00108294     1.36494     -0.872776     -0.872794
  124      1251    0.00107755     1.36494     -0.872776     -0.872794
  125      1261    0.00107219     1.36494     -0.872776     -0.872794
  126      1271    0.00106686     1.36494     -0.872776     -0.872794
  127      1281    0.00106155     1.36494     -0.872776     -0.872794
  128      1291    0.00105627     1.36494     -0.872776     -0.872794
  129      1301    0.00105101     1.36494     -0.872776     -0.872794
  130      1311    0.00104578     1.36494     -0.872776     -0.872794
  131      1321    0.00104058     1.36494     -0.872776     -0.872794
  132      1331     0.0010354     1.36494     -0.872776     -0.872794
  133      1341    0.00103025     1.36494     -0.872776     -0.872794
  134      1351    0.00102513     1.36494     -0.872776     -0.872794
  135      1361    0.00102003     1.36494     -0.872776     -0.872794
  136      1371    0.00101495     1.36494     -0.872776     -0.872794
  137      1381     0.0010099     1.36494     -0.872776     -0.872794
  138      1391    0.00100488     1.36494     -0.872776     -0.872794
  139      1401   0.000999879     1.36494     -0.872776     -0.872794
  140      1411   0.000994904     1.36494     -0.872776     -0.872794
  141      1421   0.000989955     1.36494     -0.872776     -0.872794
  142      1431   0.000985029     1.36494     -0.872776     -0.872794
  143      1441   0.000980129     1.36494     -0.872776     -0.872794
  144      1451   0.000975253     1.36494     -0.872776     -0.872794
  145      1461   0.000970401     1.36494     -0.872776     -0.872794
  146      1471   0.000965573     1.36494     -0.872776     -0.872794
  147      1481   0.000960769     1.36494     -0.872776     -0.872794
  148      1491   0.000955989     1.36494     -0.872776     -0.872794
  149      1501   0.000951233     1.36494     -0.872776     -0.872794
  150      1511     0.0009465     1.36494     -0.872776     -0.872794
  151      1521   0.000941791     1.36494     -0.872776     -0.872794
  152      1531   0.000937106     1.36494     -0.872776     -0.872794
  153      1541   0.000932444     1.36494     -0.872776     -0.872794
  154      1551   0.000927805     1.36494     -0.872776     -0.872794
  155      1561   0.000923189     1.36494     -0.872776     -0.872794
  156      1571   0.000918596     1.36494     -0.872776     -0.872794
  157      1581   0.000914025     1.36494     -0.872776     -0.872794
  158      1591   0.000909478     1.36494     -0.872776     -0.872794
  159      1601   0.000904953     1.36494     -0.872776     -0.872794
  160      1611   0.000900451     1.36494     -0.872776     -0.872794
  161      1621   0.000895971     1.36494     -0.872776     -0.872794
  162      1631   0.000891514     1.36494     -0.872776     -0.872794
  163      1641   0.000887078     1.36494     -0.872776     -0.872794
  164      1651   0.000882665     1.36494     -0.872776     -0.872794
  165      1661   0.000878274     1.36494     -0.872776     -0.872794
  166      1671   0.000873904     1.36494     -0.872776     -0.872794
  167      1681   0.000869556     1.36494     -0.872776     -0.872794
  168      1691    0.00086523     1.36494     -0.872776     -0.872794
  169      1701   0.000860925     1.36494     -0.872776     -0.872794
  170      1711   0.000856642     1.36494     -0.872776     -0.872794
  171      1721    0.00085238     1.36494     -0.872776     -0.872794
  172      1731    0.00084814     1.36494     -0.872776     -0.872794
  173      1741    0.00084392     1.36494     -0.872776     -0.872794
  174      1751   0.000839721     1.36494     -0.872776     -0.872794
  175      1761   0.000835544     1.36494     -0.872776     -0.872794
  176      1771   0.000831387     1.36494     -0.872776     -0.872794
  177      1781   0.000827251     1.36494     -0.872776     -0.872794
  178      1791   0.000823135     1.36494     -0.872776     -0.872794
  179      1801    0.00081904     1.36494     -0.872776     -0.872794
  180      1811   0.000814965     1.36274     -0.872867     -0.872867
  181      1821    0.00081091     1.36274     -0.872867     -0.872867
  182      1831   0.000806876     1.36274     -0.872867     -0.872867
  183      1841   0.000802862     1.36274     -0.872867     -0.872867
  184      1851   0.000798867     1.36274     -0.872867     -0.872867
  185      1861   0.000794893     1.36274     -0.872867     -0.872867
  186      1871   0.000790938     1.36274     -0.872867     -0.872867
  187      1881   0.000787003     1.36274     -0.872867     -0.872867
  188      1891   0.000783088     1.36274     -0.872867     -0.872867
  189      1901   0.000779192     1.36274     -0.872867     -0.872867
  190      1911   0.000775315     1.36274     -0.872867     -0.872867
  191      1921   0.000771458     1.36274     -0.872867     -0.872867
  192      1931    0.00076762     1.36274     -0.872867     -0.872867
  193      1941   0.000763801     1.36274     -0.872867     -0.872867
  194      1951   0.000760001     1.36274     -0.872867     -0.872867
  195      1961    0.00075622     1.36274     -0.872867     -0.872867
  196      1971   0.000752457     1.36274     -0.872867     -0.872867
  197      1981   0.000748714     1.36274     -0.872867     -0.872867
  198      1991   0.000744989     1.36274     -0.872867     -0.872867
  199      2001   0.000741282     1.36274     -0.872867     -0.872867
  200      2011   0.000737594     1.36274     -0.872867     -0.872867
  201      2021   0.000733925     1.36274     -0.872867     -0.872867
  202      2031   0.000730273     1.36274     -0.872867     -0.872867
  203      2041    0.00072664     1.36274     -0.872867     -0.872867
  204      2051   0.000723025     1.36274     -0.872867     -0.872867
  205      2061   0.000719428     1.36274     -0.872867     -0.872867
  206      2071   0.000715849     1.36274     -0.872867     -0.872867
  207      2081   0.000712287     1.36274     -0.872867     -0.872867
  208      2091   0.000708744     1.36274     -0.872867     -0.872867
  209      2101   0.000705218     1.36274     -0.872867     -0.872867
  210      2111   0.000701709     1.36274     -0.872867     -0.872867
  211      2121   0.000698218     1.36274     -0.872867     -0.872867
  212      2131   0.000694744     1.36274     -0.872867     -0.872867
  213      2141   0.000691288     1.36274     -0.872867     -0.872867
  214      2151   0.000687848     1.36274     -0.872867     -0.872867
  215      2161   0.000684426     1.36274     -0.872867     -0.872867
  216      2171   0.000681021     1.36274     -0.872867     -0.872867
  217      2181   0.000677633     1.36274     -0.872867     -0.872867
  218      2191   0.000674262     1.36274     -0.872867     -0.872867
  219      2201   0.000670907     1.36274     -0.872867     -0.872867
  220      2211   0.000667569     1.36274     -0.872867     -0.872867
  221      2221   0.000664248     1.36274     -0.872867     -0.872867
  222      2231   0.000660943     1.36274     -0.872867     -0.872867
  223      2241   0.000657655     1.36274     -0.872867     -0.872867
  224      2251   0.000654383     1.36274     -0.872867     -0.872867
  225      2261   0.000651128     1.36274     -0.872867     -0.872867
  226      2271   0.000647888     1.36274     -0.872867     -0.872867
  227      2281   0.000644665     1.36274     -0.872867     -0.872867
  228      2291   0.000641458     1.36274     -0.872867     -0.872867
  229      2301   0.000638266     1.36274     -0.872867     -0.872867
  230      2311   0.000635091     1.36274     -0.872867     -0.872867
  231      2321   0.000631931     1.36274     -0.872867     -0.872867
  232      2331   0.000628787     1.36274     -0.872867     -0.872867
  233      2341   0.000625659     1.36274     -0.872867     -0.872867
  234      2351   0.000622546     1.36274     -0.872867     -0.872867
  235      2361   0.000619449     1.36274     -0.872867     -0.872867
  236      2371   0.000616367     1.36274     -0.872867     -0.872867
  237      2381   0.000613301     1.36274     -0.872867     -0.872867
  238      2391   0.000610249     1.36274     -0.872867     -0.872867
  239      2401   0.000607213     1.36274     -0.872867     -0.872867
  240      2411   0.000604192     1.36274     -0.872867     -0.872867
  241      2421   0.000601186     1.36274     -0.872867     -0.872867
  242      2431   0.000598195     1.36274     -0.872867     -0.872867
  243      2441   0.000595219     1.36274     -0.872867     -0.872867
  244      2451   0.000592258     1.36274     -0.872867     -0.872867
  245      2461   0.000589311     1.36274     -0.872867     -0.872867
  246      2471    0.00058638     1.36274     -0.872867     -0.872867
  247      2481   0.000583462     1.36274     -0.872867     -0.872867
  248      2491   0.000580559     1.36274     -0.872867     -0.872867
  249      2501   0.000577671     1.36274     -0.872867     -0.872867
  250      2511   0.000574797     1.36274     -0.872867     -0.872867
  251      2521   0.000571937     1.36274     -0.872867     -0.872867
  252      2531   0.000569092     1.36274     -0.872867     -0.872867
  253      2541   0.000566261     1.36274     -0.872867     -0.872867
  254      2551   0.000563443     1.36274     -0.872867     -0.872867
  255      2561    0.00056064     1.36274     -0.872867     -0.872867
  256      2571   0.000557851     1.36274     -0.872867     -0.872867
  257      2581   0.000555076     1.36274     -0.872867     -0.872867
  258      2591   0.000552314     1.36274     -0.872867     -0.872867
  259      2601   0.000549566     1.36274     -0.872867     -0.872867
  260      2611   0.000546832     1.36274     -0.872867     -0.872867
  261      2621   0.000544111     1.36274     -0.872867     -0.872867
  262      2631   0.000541404     1.36274     -0.872867     -0.872867
  263      2641   0.000538711     1.36274     -0.872867     -0.872867
  264      2651   0.000536031     1.36274     -0.872867     -0.872867
  265      2661   0.000533364     1.36274     -0.872867     -0.872867
  266      2671    0.00053071     1.36274     -0.872867     -0.872867
  267      2681    0.00052807     1.36274     -0.872867     -0.872867
  268      2691   0.000525443     1.36274     -0.872867     -0.872867
  269      2701   0.000522829     1.36274     -0.872867     -0.872867
  270      2711   0.000520228     1.36274     -0.872867     -0.872867
  271      2721   0.000517639     1.36274     -0.872867     -0.872867
  272      2731   0.000515064     1.36274     -0.872867     -0.872867
  273      2741   0.000512501     1.36274     -0.872867     -0.872867
  274      2751   0.000509952     1.36274     -0.872867     -0.872867
  275      2761   0.000507415     1.36274     -0.872867     -0.872867
  276      2771    0.00050489     1.36274     -0.872867     -0.872867
  277      2781   0.000502378     1.36274     -0.872867     -0.872867
  278      2791   0.000499879     1.36274     -0.872867     -0.872867
  279      2801   0.000497392     1.36274     -0.872867     -0.872867
  280      2811   0.000494917     1.36274     -0.872867     -0.872867
  281      2821   0.000492455     1.36274     -0.872867     -0.872867
  282      2831   0.000490005     1.36274     -0.872867     -0.872867
  283      2841   0.000487567     1.36274     -0.872867     -0.872867
  284      2851   0.000485142     1.36274     -0.872867     -0.872867
  285      2861   0.000482728     1.36274     -0.872867     -0.872867
  286      2871   0.000480326     1.36274     -0.872867     -0.872867
  287      2881   0.000477937     1.36274     -0.872867     -0.872867
  288      2891   0.000475559     1.36274     -0.872867     -0.872867
  289      2901   0.000473193     1.36274     -0.872867     -0.872867
  290      2911   0.000470839     1.36274     -0.872867     -0.872867
  291      2921   0.000468496     1.36274     -0.872867     -0.872867
  292      2931   0.000466165     1.36274     -0.872867     -0.872867
  293      2941   0.000463846     1.36274     -0.872867     -0.872867
  294      2951   0.000461538     1.36274     -0.872867     -0.872867
  295      2961   0.000459242     1.36274     -0.872867     -0.872867
  296      2971   0.000456957     1.36274     -0.872867     -0.872867
  297      2981   0.000454684     1.36274     -0.872867     -0.872867
  298      2991   0.000452422     1.36274     -0.872867     -0.872867
  299      3001   0.000450171     1.36274     -0.872867     -0.872867
  300      3011   0.000447931     1.36274     -0.872867     -0.872867
  301      3021   0.000445703     1.36274     -0.872867     -0.872867
  302      3031   0.000443485     1.36274     -0.872867     -0.872867
  303      3041   0.000441279     1.36274     -0.872867     -0.872867
  304      3051   0.000439084     1.36274     -0.872867     -0.872867
  305      3061   0.000436899     1.36274     -0.872867     -0.872867
  306      3071   0.000434725     1.36274     -0.872867     -0.872867
  307      3081   0.000432563     1.36274     -0.872867     -0.872867
  308      3091   0.000430411     1.36274     -0.872867     -0.872867
  309      3101   0.000428269     1.36274     -0.872867     -0.872867
  310      3111   0.000426139     1.36274     -0.872867     -0.872867
  311      3121   0.000424018     1.36274     -0.872867     -0.872867
  312      3131   0.000421909     1.36274     -0.872867     -0.872867
  313      3141    0.00041981     1.36274     -0.872867     -0.872867
  314      3151   0.000417721     1.36274     -0.872867     -0.872867
  315      3161   0.000415643     1.36274     -0.872867     -0.872867
  316      3171   0.000413575     1.36274     -0.872867     -0.872867
  317      3181   0.000411518     1.36274     -0.872867     -0.872867
  318      3191    0.00040947     1.36274     -0.872867     -0.872867
  319      3201   0.000407433     1.36274     -0.872867     -0.872867
  320      3211   0.000405406     1.36274     -0.872867     -0.872867
  321      3221   0.000403389     1.36274     -0.872867     -0.872867
  322      3231   0.000401382     1.36274     -0.872867     -0.872867
  323      3241   0.000399385     1.36274     -0.872867     -0.872867
  324      3251   0.000397398     1.36274     -0.872867     -0.872867
  325      3261   0.000395421     1.36274     -0.872867     -0.872867
  326      3271   0.000393454     1.36274     -0.872867     -0.872867
  327      3281   0.000391496     1.36274     -0.872867     -0.872867
  328      3291   0.000389549     1.36274     -0.872867     -0.872867
  329      3301   0.000387611     1.36274     -0.872867     -0.872867
  330      3311   0.000385682     1.36274     -0.872867     -0.872867
  331      3321   0.000383763     1.36274     -0.872867     -0.872867
  332      3331   0.000381854     1.36274     -0.872867     -0.872867
  333      3341   0.000379954     1.36274     -0.872867     -0.872867
  334      3351   0.000378064     1.36274     -0.872867     -0.872867
  335      3361   0.000376183     1.36274     -0.872867     -0.872867
  336      3371   0.000374312     1.36274     -0.872867     -0.872867
  337      3381   0.000372449     1.36274     -0.872867     -0.872867
  338      3391   0.000370596     1.36274     -0.872867     -0.872867
  339      3401   0.000368753     1.36274     -0.872867     -0.872867
  340      3411   0.000366918     1.36274     -0.872867     -0.872867
  341      3421   0.000365093     1.36274     -0.872867     -0.872867
  342      3431   0.000363276     1.36274     -0.872867     -0.872867
  343      3441   0.000361469     1.36274     -0.872867     -0.872867
  344      3451    0.00035967     1.36274     -0.872867     -0.872867
  345      3461   0.000357881     1.36274     -0.872867     -0.872867
  346      3471   0.000356101     1.36274     -0.872867     -0.872867
  347      3481   0.000354329     1.36274     -0.872867     -0.872867
  348      3491   0.000352566     1.36274     -0.872867     -0.872867
  349      3501   0.000350812     1.36274     -0.872867     -0.872867
  350      3511   0.000349067     1.36274     -0.872867     -0.872867
  351      3521    0.00034733     1.36274     -0.872867     -0.872867
  352      3531   0.000345602     1.36274     -0.872867     -0.872867
  353      3541   0.000343883     1.36274     -0.872867     -0.872867
  354      3551   0.000342172     1.36274     -0.872867     -0.872867
  355      3561   0.000340469     1.36274     -0.872867     -0.872867
  356      3571   0.000338776     1.36274     -0.872867     -0.872867
  357      3581    0.00033709     1.36274     -0.872867     -0.872867
  358      3591   0.000335413     1.36274     -0.872867     -0.872867
  359      3601   0.000333744     1.36274     -0.872867     -0.872867
  360      3611   0.000332084     1.36274     -0.872867     -0.872867
  361      3621   0.000330432     1.36274     -0.872867     -0.872867
  362      3631   0.000328788     1.36274     -0.872867     -0.872867
  363      3641   0.000327152     1.36274     -0.872867     -0.872867
  364      3651   0.000325524     1.36274     -0.872867     -0.872867
  365      3661   0.000323905     1.36274     -0.872867     -0.872867
  366      3671   0.000322293     1.36274     -0.872867     -0.872867
  367      3681    0.00032069     1.36274     -0.872867     -0.872867
  368      3691   0.000319094     1.36274     -0.872867     -0.872867
  369      3701   0.000317507     1.36274     -0.872867     -0.872867
  370      3711   0.000315927     1.36274     -0.872867     -0.872867
  371      3721   0.000314356     1.36274     -0.872867     -0.872867
  372      3731   0.000312792     1.36274     -0.872867     -0.872867
  373      3741   0.000311235     1.36274     -0.872867     -0.872867
  374      3751   0.000309687     1.36274     -0.872867     -0.872867
  375      3761   0.000308146     1.36274     -0.872867     -0.872867
  376      3771   0.000306613     1.36274     -0.872867     -0.872867
  377      3781   0.000305088     1.36274     -0.872867     -0.872867
  378      3791    0.00030357     1.36274     -0.872867     -0.872867
  379      3801    0.00030206     1.36274     -0.872867     -0.872867
  380      3811   0.000300557     1.36274     -0.872867     -0.872867
  381      3821   0.000299061     1.36274     -0.872867     -0.872867
  382      3831   0.000297574     1.36274     -0.872867     -0.872867
  383      3841   0.000296093     1.36274     -0.872867     -0.872867
  384      3851    0.00029462     1.36274     -0.872867     -0.872867
  385      3861   0.000293154     1.36274     -0.872867     -0.872867
  386      3871   0.000291696     1.36274     -0.872867     -0.872867
  387      3881   0.000290245     1.36274     -0.872867     -0.872867
  388      3891   0.000288801     1.36274     -0.872867     -0.872867
  389      3901   0.000287364     1.36274     -0.872867     -0.872867
  390      3911   0.000285934     1.36274     -0.872867     -0.872867
  391      3921   0.000284512     1.36274     -0.872867     -0.872867
  392      3931   0.000283096     1.36274     -0.872867     -0.872867
  393      3941   0.000281688     1.36274     -0.872867     -0.872867
  394      3951   0.000280286     1.36274     -0.872867     -0.872867
  395      3961   0.000278892     1.36335      -0.87287      -0.87287
  396      3971   0.000277504     1.36335      -0.87287      -0.87287
  397      3981   0.000276124     1.36335      -0.87287      -0.87287
  398      3991    0.00027475     1.36335      -0.87287      -0.87287
  399      4001   0.000273383     1.36335      -0.87287      -0.87287
  400      4011   0.000272023     1.36335      -0.87287      -0.87287
  401      4021   0.000270669     1.36335      -0.87287      -0.87287
  402      4031   0.000269323     1.36335      -0.87287      -0.87287
  403      4041   0.000267983     1.36335      -0.87287      -0.87287
  404      4051    0.00026665     1.36335      -0.87287      -0.87287
  405      4061   0.000265323     1.36335      -0.87287      -0.87287
  406      4071   0.000264003     1.36335      -0.87287      -0.87287
  407      4081    0.00026269     1.36335      -0.87287      -0.87287
  408      4091   0.000261383     1.36335      -0.87287      -0.87287
  409      4101   0.000260082     1.36335      -0.87287      -0.87287
  410      4111   0.000258788     1.36335      -0.87287      -0.87287
  411      4121   0.000257501     1.36335      -0.87287      -0.87287
  412      4131    0.00025622     1.36335      -0.87287      -0.87287
  413      4141   0.000254945     1.36335      -0.87287      -0.87287
  414      4151   0.000253677     1.36335      -0.87287      -0.87287
  415      4161   0.000252415     1.36335      -0.87287      -0.87287
  416      4171   0.000251159     1.36335      -0.87287      -0.87287
  417      4181   0.000249909     1.36335      -0.87287      -0.87287
  418      4191   0.000248666     1.36335      -0.87287      -0.87287
  419      4201   0.000247429     1.36335      -0.87287      -0.87287
  420      4211   0.000246198     1.36335      -0.87287      -0.87287
  421      4221   0.000244973     1.36335      -0.87287      -0.87287
  422      4231   0.000243754     1.36335      -0.87287      -0.87287
  423      4241   0.000242541     1.36335      -0.87287      -0.87287
  424      4251   0.000241335     1.36335      -0.87287      -0.87287
  425      4261   0.000240134     1.36335      -0.87287      -0.87287
  426      4271   0.000238939     1.36335      -0.87287      -0.87287
  427      4281   0.000237751     1.36335      -0.87287      -0.87287
  428      4291   0.000236568     1.36335      -0.87287      -0.87287
  429      4301   0.000235391     1.36335      -0.87287      -0.87287
  430      4311    0.00023422     1.36335      -0.87287      -0.87287
  431      4321   0.000233054     1.36335      -0.87287      -0.87287
  432      4331   0.000231895     1.36335      -0.87287      -0.87287
  433      4341   0.000230741     1.36335      -0.87287      -0.87287
  434      4351   0.000229593     1.36335      -0.87287      -0.87287
  435      4361   0.000228451     1.36335      -0.87287      -0.87287
  436      4371   0.000227314     1.36335      -0.87287      -0.87287
  437      4381   0.000226184     1.36335      -0.87287      -0.87287
  438      4391   0.000225058     1.36335      -0.87287      -0.87287
  439      4401   0.000223939     1.36335      -0.87287      -0.87287
  440      4411   0.000222824     1.36335      -0.87287      -0.87287
  441      4421   0.000221716     1.36335      -0.87287      -0.87287
  442      4431   0.000220613     1.36335      -0.87287      -0.87287
  443      4441   0.000219515     1.36335      -0.87287      -0.87287
  444      4451   0.000218423     1.36335      -0.87287      -0.87287
  445      4461   0.000217336     1.36335      -0.87287      -0.87287
  446      4471   0.000216255     1.36335      -0.87287      -0.87287
  447      4481   0.000215179     1.36335      -0.87287      -0.87287
  448      4491   0.000214109     1.36335      -0.87287      -0.87287
  449      4501   0.000213043     1.36335      -0.87287      -0.87287
  450      4511   0.000211984     1.36335      -0.87287      -0.87287
  451      4521   0.000210929     1.36335      -0.87287      -0.87287
  452      4531    0.00020988     1.36335      -0.87287      -0.87287
  453      4541   0.000208835     1.36335      -0.87287      -0.87287
  454      4551   0.000207796     1.36335      -0.87287      -0.87287
  455      4561   0.000206763     1.36335      -0.87287      -0.87287
  456      4571   0.000205734     1.36335      -0.87287      -0.87287
  457      4581    0.00020471     1.36335      -0.87287      -0.87287
  458      4591   0.000203692     1.36335      -0.87287      -0.87287
  459      4601   0.000202678     1.36335      -0.87287      -0.87287
  460      4611    0.00020167     1.36335      -0.87287      -0.87287
  461      4621   0.000200667     1.36335      -0.87287      -0.87287
  462      4631   0.000199668     1.36335      -0.87287      -0.87287
  463      4641   0.000198675     1.36335      -0.87287      -0.87287
  464      4651   0.000197687     1.36335      -0.87287      -0.87287
  465      4661   0.000196703     1.36335      -0.87287      -0.87287
  466      4671   0.000195725     1.36335      -0.87287      -0.87287
  467      4681   0.000194751     1.36335      -0.87287      -0.87287
  468      4691   0.000193782     1.36335      -0.87287      -0.87287
  469      4701   0.000192818     1.36335      -0.87287      -0.87287
  470      4711   0.000191858     1.36335      -0.87287      -0.87287
  471      4721   0.000190904     1.36335      -0.87287      -0.87287
  472      4731   0.000189954     1.36227      -0.87285      -0.87287
  473      4741   0.000189009     1.36227      -0.87285      -0.87287
  474      4751   0.000188069     1.36227      -0.87285      -0.87287
  475      4761   0.000187133     1.36227      -0.87285      -0.87287
  476      4771   0.000186202     1.36227      -0.87285      -0.87287
  477      4781   0.000185276     1.36227      -0.87285      -0.87287
  478      4791   0.000184354     1.36227      -0.87285      -0.87287
  479      4801   0.000183437     1.36227      -0.87285      -0.87287
  480      4811   0.000182524     1.36227      -0.87285      -0.87287
  481      4821   0.000181616     1.36227      -0.87285      -0.87287
  482      4831   0.000180713     1.36227      -0.87285      -0.87287
  483      4841   0.000179813     1.36227      -0.87285      -0.87287
  484      4851   0.000178919     1.36227      -0.87285      -0.87287
  485      4861   0.000178029     1.36227      -0.87285      -0.87287
  486      4871   0.000177143     1.36227      -0.87285      -0.87287
  487      4881   0.000176262     1.36227      -0.87285      -0.87287
  488      4891   0.000175385     1.36227      -0.87285      -0.87287
  489      4901   0.000174512     1.36227      -0.87285      -0.87287
  490      4911   0.000173644     1.36227      -0.87285      -0.87287
  491      4921    0.00017278     1.36227      -0.87285      -0.87287
  492      4931    0.00017192     1.36227      -0.87285      -0.87287
  493      4941   0.000171065     1.36227      -0.87285      -0.87287
  494      4951   0.000170214     1.36227      -0.87285      -0.87287
  495      4961   0.000169367     1.36227      -0.87285      -0.87287
  496      4971   0.000168525     1.36227      -0.87285      -0.87287
  497      4981   0.000167686     1.36227      -0.87285      -0.87287
  498      4991   0.000166852     1.36227      -0.87285      -0.87287
  499      5001   0.000166022     1.36227      -0.87285      -0.87287
  500      5011   0.000165196     1.36227      -0.87285      -0.87287
  501      5021   0.000164374     1.36227      -0.87285      -0.87287
  502      5031   0.000163556     1.36227      -0.87285      -0.87287
  503      5041   0.000162742     1.36227      -0.87285      -0.87287
  504      5051   0.000161933     1.36227      -0.87285      -0.87287
  505      5061   0.000161127     1.36227      -0.87285      -0.87287
  506      5071   0.000160326     1.36227      -0.87285      -0.87287
  507      5081   0.000159528     1.36227      -0.87285      -0.87287
  508      5091   0.000158734     1.36227      -0.87285      -0.87287
  509      5101   0.000157945     1.36227      -0.87285      -0.87287
  510      5111   0.000157159     1.36227      -0.87285      -0.87287
  511      5121   0.000156377     1.36227      -0.87285      -0.87287
  512      5131   0.000155599     1.36227      -0.87285      -0.87287
  513      5141   0.000154825     1.36227      -0.87285      -0.87287
  514      5151   0.000154054     1.36227      -0.87285      -0.87287
  515      5161   0.000153288     1.36227      -0.87285      -0.87287
  516      5171   0.000152525     1.36227      -0.87285      -0.87287
  517      5181   0.000151767     1.36227      -0.87285      -0.87287
  518      5191   0.000151011     1.36227      -0.87285      -0.87287
  519      5201    0.00015026     1.36227      -0.87285      -0.87287
  520      5211   0.000149513     1.36227      -0.87285      -0.87287
  521      5221   0.000148769     1.36227      -0.87285      -0.87287
  522      5231   0.000148029     1.36227      -0.87285      -0.87287
  523      5241   0.000147292     1.36227      -0.87285      -0.87287
  524      5251   0.000146559     1.36227      -0.87285      -0.87287
  525      5261    0.00014583     1.36227      -0.87285      -0.87287
  526      5271   0.000145105     1.36227      -0.87285      -0.87287
  527      5281   0.000144383     1.36227      -0.87285      -0.87287
  528      5291   0.000143664     1.36227      -0.87285      -0.87287
  529      5301    0.00014295     1.36227      -0.87285      -0.87287
  530      5311   0.000142239     1.36227      -0.87285      -0.87287
  531      5321   0.000141531     1.36227      -0.87285      -0.87287
  532      5331   0.000140827     1.36227      -0.87285      -0.87287
  533      5341   0.000140126     1.36227      -0.87285      -0.87287
  534      5351   0.000139429     1.36227      -0.87285      -0.87287
  535      5361   0.000138735     1.36227      -0.87285      -0.87287
  536      5371   0.000138045     1.36227      -0.87285      -0.87287
  537      5381   0.000137358     1.36227      -0.87285      -0.87287
  538      5391   0.000136675     1.36227      -0.87285      -0.87287
  539      5401   0.000135995     1.36227      -0.87285      -0.87287
  540      5411   0.000135318     1.36227      -0.87285      -0.87287
  541      5421   0.000134645     1.36227      -0.87285      -0.87287
  542      5431   0.000133975     1.36227      -0.87285      -0.87287
  543      5441   0.000133309     1.36227      -0.87285      -0.87287
  544      5451   0.000132645     1.36227      -0.87285      -0.87287
  545      5461   0.000131986     1.36227      -0.87285      -0.87287
  546      5471   0.000131329     1.36227      -0.87285      -0.87287
  547      5481   0.000130676     1.36227      -0.87285      -0.87287
  548      5491   0.000130025     1.36227      -0.87285      -0.87287
  549      5501   0.000129378     1.36227      -0.87285      -0.87287
  550      5511   0.000128735     1.36227      -0.87285      -0.87287
  551      5521   0.000128094     1.36227      -0.87285      -0.87287
  552      5531   0.000127457     1.36227      -0.87285      -0.87287
  553      5541   0.000126823     1.36227      -0.87285      -0.87287
  554      5551   0.000126192     1.36227      -0.87285      -0.87287
  555      5561   0.000125564     1.36227      -0.87285      -0.87287
  556      5571   0.000124939     1.36227      -0.87285      -0.87287
  557      5581   0.000124318     1.36227      -0.87285      -0.87287
  558      5591   0.000123699     1.36227      -0.87285      -0.87287
  559      5601   0.000123084     1.36227      -0.87285      -0.87287
  560      5611   0.000122472     1.36227      -0.87285      -0.87287
  561      5621   0.000121862     1.36227      -0.87285      -0.87287
  562      5631   0.000121256     1.36227      -0.87285      -0.87287
  563      5641   0.000120653     1.36227      -0.87285      -0.87287
  564      5651   0.000120052     1.36227      -0.87285      -0.87287
  565      5661   0.000119455     1.36227      -0.87285      -0.87287
  566      5671   0.000118861     1.36227      -0.87285      -0.87287
  567      5681    0.00011827     1.36227      -0.87285      -0.87287
  568      5691   0.000117681     1.36227      -0.87285      -0.87287
  569      5701   0.000117096     1.36227      -0.87285      -0.87287
  570      5711   0.000116513     1.36227      -0.87285      -0.87287
  571      5721   0.000115933     1.36227      -0.87285      -0.87287
  572      5731   0.000115357     1.36227      -0.87285      -0.87287
  573      5741   0.000114783     1.36227      -0.87285      -0.87287
  574      5751   0.000114212     1.36227      -0.87285      -0.87287
  575      5761   0.000113643     1.36227      -0.87285      -0.87287
  576      5771   0.000113078     1.36227      -0.87285      -0.87287
  577      5781   0.000112516     1.36227      -0.87285      -0.87287
  578      5791   0.000111956     1.36227      -0.87285      -0.87287
  579      5801   0.000111399     1.36227      -0.87285      -0.87287
  580      5811   0.000110845     1.36227      -0.87285      -0.87287
  581      5821   0.000110293     1.36227      -0.87285      -0.87287
  582      5831   0.000109744     1.36227      -0.87285      -0.87287
  583      5841   0.000109198     1.36227      -0.87285      -0.87287
  584      5851   0.000108655     1.36227      -0.87285      -0.87287
  585      5861   0.000108114     1.36227      -0.87285      -0.87287
  586      5871   0.000107577     1.36227      -0.87285      -0.87287
  587      5881   0.000107041     1.36227      -0.87285      -0.87287
  588      5891   0.000106509     1.36227      -0.87285      -0.87287
  589      5901   0.000105979     1.36227      -0.87285      -0.87287
  590      5911   0.000105452     1.36227      -0.87285      -0.87287
  591      5921   0.000104927     1.36227      -0.87285      -0.87287
  592      5931   0.000104405     1.36227      -0.87285      -0.87287
  593      5941   0.000103886     1.36227      -0.87285      -0.87287
  594      5951   0.000103369     1.36227      -0.87285      -0.87287
  595      5961   0.000102854     1.36227      -0.87285      -0.87287
  596      5971   0.000102343     1.36227      -0.87285      -0.87287
  597      5981   0.000101834     1.36227      -0.87285      -0.87287
  598      5991   0.000101327     1.36227      -0.87285      -0.87287
  599      6001   0.000100823     1.36227      -0.87285      -0.87287
  600      6011   0.000100321     1.36227      -0.87285      -0.87287
  601      6021   9.98221e-05     1.36227      -0.87285      -0.87287
  602      6031   9.93255e-05     1.36227      -0.87285      -0.87287
  603      6041   9.88314e-05     1.36227      -0.87285      -0.87287
  604      6051   9.83397e-05     1.36227      -0.87285      -0.87287
  605      6061   9.78504e-05     1.36227      -0.87285      -0.87287
  606      6071   9.73636e-05     1.36227      -0.87285      -0.87287
  607      6081   9.68792e-05     1.36227      -0.87285      -0.87287
  608      6091   9.63972e-05     1.36227      -0.87285      -0.87287
  609      6101   9.59176e-05     1.36227      -0.87285      -0.87287
  610      6111   9.54404e-05     1.36227      -0.87285      -0.87287
  611      6121   9.49656e-05     1.36227      -0.87285      -0.87287
  612      6131   9.44931e-05     1.36227      -0.87285      -0.87287
  613      6141    9.4023e-05     1.36227      -0.87285      -0.87287
  614      6151   9.35552e-05     1.36227      -0.87285      -0.87287
  615      6161   9.30898e-05     1.36227      -0.87285      -0.87287
  616      6171   9.26266e-05     1.36227      -0.87285      -0.87287
  617      6181   9.21658e-05     1.36227      -0.87285      -0.87287
  618      6191   9.17073e-05     1.36227      -0.87285      -0.87287
  619      6201    9.1251e-05     1.36227      -0.87285      -0.87287
  620      6211    9.0797e-05     1.36227      -0.87285      -0.87287
  621      6221   9.03453e-05     1.36227      -0.87285      -0.87287
  622      6231   8.98958e-05     1.36227      -0.87285      -0.87287
  623      6241   8.94486e-05     1.36227      -0.87285      -0.87287
  624      6251   8.90036e-05     1.36227      -0.87285      -0.87287
  625      6261   8.85608e-05     1.36227      -0.87285      -0.87287
  626      6271   8.81202e-05     1.36227      -0.87285      -0.87287
  627      6281   8.76818e-05     1.36227      -0.87285      -0.87287
  628      6291   8.72455e-05     1.36227      -0.87285      -0.87287
  629      6301   8.68115e-05     1.36227      -0.87285      -0.87287
  630      6311   8.63796e-05     1.36227      -0.87285      -0.87287
  631      6321   8.59498e-05     1.36227      -0.87285      -0.87287
  632      6331   8.55222e-05     1.36227      -0.87285      -0.87287
  633      6341   8.50967e-05     1.36227      -0.87285      -0.87287
  634      6351   8.46734e-05     1.36227      -0.87285      -0.87287
  635      6361   8.42521e-05     1.36227      -0.87285      -0.87287
  636      6371   8.38329e-05     1.36227      -0.87285      -0.87287
  637      6381   8.34159e-05     1.36227      -0.87285      -0.87287
  638      6391   8.30009e-05     1.36227      -0.87285      -0.87287
  639      6401   8.25879e-05     1.36227      -0.87285      -0.87287
  640      6411    8.2177e-05     1.36227      -0.87285      -0.87287
  641      6421   8.17682e-05     1.36227      -0.87285      -0.87287
  642      6431   8.13614e-05     1.36227      -0.87285      -0.87287
  643      6441   8.09566e-05     1.36227      -0.87285      -0.87287
  644      6451   8.05538e-05     1.36227      -0.87285      -0.87287
  645      6461   8.01531e-05     1.36227      -0.87285      -0.87287
  646      6471   7.97543e-05     1.36227      -0.87285      -0.87287
  647      6481   7.93575e-05     1.36227      -0.87285      -0.87287
  648      6491   7.89627e-05     1.36227      -0.87285      -0.87287
  649      6501   7.85698e-05     1.36227      -0.87285      -0.87287
  650      6511    7.8179e-05     1.36227      -0.87285      -0.87287
  651      6521     7.779e-05     1.36227      -0.87285      -0.87287
  652      6531    7.7403e-05     1.36227      -0.87285      -0.87287
  653      6541   7.70179e-05     1.36227      -0.87285      -0.87287
  654      6551   7.66347e-05     1.36227      -0.87285      -0.87287
  655      6561   7.62535e-05     1.36227      -0.87285      -0.87287
  656      6571   7.58741e-05     1.36227      -0.87285      -0.87287
  657      6581   7.54966e-05     1.36227      -0.87285      -0.87287
  658      6591    7.5121e-05     1.36227      -0.87285      -0.87287
  659      6601   7.47473e-05     1.36227      -0.87285      -0.87287
  660      6611   7.43754e-05     1.36227      -0.87285      -0.87287
  661      6621   7.40054e-05     1.36227      -0.87285      -0.87287
  662      6631   7.36372e-05     1.36227      -0.87285      -0.87287
  663      6641   7.32708e-05     1.36227      -0.87285      -0.87287
  664      6651   7.29063e-05     1.36227      -0.87285      -0.87287
  665      6661   7.25436e-05     1.36227      -0.87285      -0.87287
  666      6671   7.21827e-05     1.36227      -0.87285      -0.87287
  667      6681   7.18235e-05     1.36227      -0.87285      -0.87287
  668      6691   7.14662e-05     1.36227      -0.87285      -0.87287
  669      6701   7.11107e-05     1.36227      -0.87285      -0.87287
  670      6711   7.07569e-05     1.36227      -0.87285      -0.87287
  671      6721   7.04048e-05     1.36227      -0.87285      -0.87287
  672      6731   7.00546e-05     1.36227      -0.87285      -0.87287
  673      6741    6.9706e-05     1.36227      -0.87285      -0.87287
  674      6751   6.93592e-05     1.36227      -0.87285      -0.87287
  675      6761   6.90142e-05     1.36227      -0.87285      -0.87287
  676      6771   6.86708e-05     1.36227      -0.87285      -0.87287
  677      6781   6.83292e-05     1.36227      -0.87285      -0.87287
  678      6791   6.79892e-05     1.36227      -0.87285      -0.87287
  679      6801    6.7651e-05     1.36227      -0.87285      -0.87287
  680      6811   6.73144e-05     1.36227      -0.87285      -0.87287
  681      6821   6.69795e-05     1.36227      -0.87285      -0.87287
  682      6831   6.66463e-05     1.36227      -0.87285      -0.87287
  683      6841   6.63147e-05     1.36227      -0.87285      -0.87287
  684      6851   6.59848e-05     1.36227      -0.87285      -0.87287
  685      6861   6.56565e-05     1.36227      -0.87285      -0.87287
  686      6871   6.53298e-05     1.36227      -0.87285      -0.87287
  687      6881   6.50048e-05     1.36227      -0.87285      -0.87287
  688      6891   6.46814e-05     1.36227      -0.87285      -0.87287
  689      6901   6.43596e-05     1.36227      -0.87285      -0.87287
  690      6911   6.40394e-05     1.36227      -0.87285      -0.87287
  691      6921   6.37208e-05     1.36227      -0.87285      -0.87287
  692      6931   6.34038e-05     1.36227      -0.87285      -0.87287
  693      6941   6.30884e-05     1.36227      -0.87285      -0.87287
  694      6951   6.27745e-05     1.36227      -0.87285      -0.87287
  695      6961   6.24622e-05     1.36227      -0.87285      -0.87287
  696      6971   6.21514e-05     1.36227      -0.87285      -0.87287
  697      6981   6.18422e-05     1.36227      -0.87285      -0.87287
  698      6991   6.15345e-05     1.36227      -0.87285      -0.87287
  699      7001   6.12284e-05     1.36227      -0.87285      -0.87287
  700      7011   6.09238e-05     1.36227      -0.87285      -0.87287
  701      7021   6.06207e-05     1.36227      -0.87285      -0.87287
  702      7031   6.03191e-05     1.36227      -0.87285      -0.87287
  703      7041    6.0019e-05     1.36227      -0.87285      -0.87287
  704      7051   5.97204e-05     1.36227      -0.87285      -0.87287
  705      7061   5.94233e-05     1.36227      -0.87285      -0.87287
  706      7071   5.91276e-05     1.36227      -0.87285      -0.87287
  707      7081   5.88335e-05     1.36227      -0.87285      -0.87287
  708      7091   5.85407e-05     1.36227      -0.87285      -0.87287
  709      7101   5.82495e-05     1.36227      -0.87285      -0.87287
  710      7111   5.79597e-05     1.36227      -0.87285      -0.87287
  711      7121   5.76713e-05     1.36227      -0.87285      -0.87287
  712      7131   5.73844e-05     1.36227      -0.87285      -0.87287
  713      7141   5.70989e-05     1.36227      -0.87285      -0.87287
  714      7151   5.68149e-05     1.36227      -0.87285      -0.87287
  715      7161   5.65322e-05     1.36227      -0.87285      -0.87287
  716      7171   5.62509e-05     1.36227      -0.87285      -0.87287
  717      7181   5.59711e-05     1.36227      -0.87285      -0.87287
  718      7191   5.56926e-05     1.36227      -0.87285      -0.87287
  719      7201   5.54155e-05     1.36227      -0.87285      -0.87287
  720      7211   5.51398e-05     1.36227      -0.87285      -0.87287
  721      7221   5.48655e-05     1.36227      -0.87285      -0.87287
  722      7231   5.45926e-05     1.36227      -0.87285      -0.87287
  723      7241   5.43209e-05     1.36227      -0.87285      -0.87287
  724      7251   5.40507e-05     1.36227      -0.87285      -0.87287
  725      7261   5.37818e-05     1.36227      -0.87285      -0.87287
  726      7271   5.35142e-05     1.36227      -0.87285      -0.87287
  727      7281    5.3248e-05     1.36227      -0.87285      -0.87287
  728      7291   5.29831e-05     1.36227      -0.87285      -0.87287
  729      7301   5.27195e-05     1.36227      -0.87285      -0.87287
  730      7311   5.24572e-05     1.36227      -0.87285      -0.87287
  731      7321   5.21962e-05     1.36227      -0.87285      -0.87287
  732      7331   5.19365e-05     1.36227      -0.87285      -0.87287
  733      7341   5.16781e-05     1.36227      -0.87285      -0.87287
  734      7351    5.1421e-05     1.36227      -0.87285      -0.87287
  735      7361   5.11652e-05     1.36227      -0.87285      -0.87287
  736      7371   5.09106e-05     1.36227      -0.87285      -0.87287
  737      7381   5.06574e-05     1.36227      -0.87285      -0.87287
  738      7391   5.04053e-05     1.36227      -0.87285      -0.87287
  739      7401   5.01546e-05     1.36227      -0.87285      -0.87287
  740      7411    4.9905e-05     1.36227      -0.87285      -0.87287
  741      7421   4.96567e-05     1.36227      -0.87285      -0.87287
  742      7431   4.94097e-05     1.36227      -0.87285      -0.87287
  743      7441   4.91639e-05     1.36227      -0.87285      -0.87287
  744      7451   4.89193e-05     1.36227      -0.87285      -0.87287
  745      7461   4.86759e-05     1.36227      -0.87285      -0.87287
  746      7471   4.84337e-05     1.36227      -0.87285      -0.87287
  747      7481   4.81928e-05     1.36227      -0.87285      -0.87287
  748      7491    4.7953e-05     1.36227      -0.87285      -0.87287
  749      7501   4.77144e-05     1.36227      -0.87285      -0.87287
  750      7511    4.7477e-05     1.36227      -0.87285      -0.87287
  751      7521   4.72408e-05     1.36227      -0.87285      -0.87287
  752      7531   4.70058e-05     1.36227      -0.87285      -0.87287
  753      7541    4.6772e-05     1.36227      -0.87285      -0.87287
  754      7551   4.65393e-05     1.36227      -0.87285      -0.87287
  755      7561   4.63077e-05     1.36227      -0.87285      -0.87287
  756      7571   4.60773e-05     1.36227      -0.87285      -0.87287
  757      7581   4.58481e-05     1.36227      -0.87285      -0.87287
  758      7591     4.562e-05     1.36227      -0.87285      -0.87287
  759      7601    4.5393e-05     1.36227      -0.87285      -0.87287
  760      7611   4.51672e-05     1.36227      -0.87285      -0.87287
  761      7621   4.49425e-05     1.36227      -0.87285      -0.87287
  762      7631   4.47189e-05     1.36227      -0.87285      -0.87287
  763      7641   4.44964e-05     1.36227      -0.87285      -0.87287
  764      7651    4.4275e-05     1.36227      -0.87285      -0.87287
  765      7661   4.40548e-05     1.36227      -0.87285      -0.87287
  766      7671   4.38356e-05     1.36227      -0.87285      -0.87287
  767      7681   4.36175e-05     1.36227      -0.87285      -0.87287
  768      7691   4.34005e-05     1.36227      -0.87285      -0.87287
  769      7701   4.31846e-05     1.36227      -0.87285      -0.87287
  770      7711   4.29697e-05     1.36227      -0.87285      -0.87287
  771      7721   4.27559e-05     1.36227      -0.87285      -0.87287
  772      7731   4.25432e-05     1.36227      -0.87285      -0.87287
  773      7741   4.23316e-05     1.36227      -0.87285      -0.87287
  774      7751    4.2121e-05     1.36227      -0.87285      -0.87287
  775      7761   4.19114e-05     1.36227      -0.87285      -0.87287
  776      7771   4.17029e-05     1.36227      -0.87285      -0.87287
  777      7781   4.14954e-05     1.36227      -0.87285      -0.87287
  778      7791    4.1289e-05     1.36227      -0.87285      -0.87287
  779      7801   4.10835e-05     1.36227      -0.87285      -0.87287
  780      7811   4.08791e-05     1.36227      -0.87285      -0.87287
  781      7821   4.06758e-05     1.36227      -0.87285      -0.87287
  782      7831   4.04734e-05     1.36227      -0.87285      -0.87287
  783      7841    4.0272e-05     1.36227      -0.87285      -0.87287
  784      7851   4.00717e-05     1.36227      -0.87285      -0.87287
  785      7861   3.98723e-05     1.36227      -0.87285      -0.87287
  786      7871    3.9674e-05     1.36227      -0.87285      -0.87287
  787      7881   3.94766e-05     1.36227      -0.87285      -0.87287
  788      7891   3.92802e-05     1.36227      -0.87285      -0.87287
  789      7901   3.90847e-05     1.36227      -0.87285      -0.87287
  790      7911   3.88903e-05     1.36227      -0.87285      -0.87287
  791      7921   3.86968e-05     1.36227      -0.87285      -0.87287
  792      7931   3.85043e-05     1.36227      -0.87285      -0.87287
  793      7941   3.83127e-05     1.36227      -0.87285      -0.87287
  794      7951   3.81221e-05     1.36227      -0.87285      -0.87287
  795      7961   3.79325e-05     1.36227      -0.87285      -0.87287
  796      7971   3.77437e-05     1.36227      -0.87285      -0.87287
  797      7981    3.7556e-05     1.36227      -0.87285      -0.87287
  798      7991   3.73691e-05     1.36227      -0.87285      -0.87287
  799      8001   3.71832e-05     1.36227      -0.87285      -0.87287
  800      8011   3.69982e-05     1.36227      -0.87285      -0.87287
  801      8021   3.68141e-05     1.36227      -0.87285      -0.87287
  802      8031    3.6631e-05     1.36227      -0.87285      -0.87287
  803      8041   3.64487e-05     1.36227      -0.87285      -0.87287
  804      8051   3.62674e-05     1.36227      -0.87285      -0.87287
  805      8061    3.6087e-05     1.36227      -0.87285      -0.87287
  806      8071   3.59074e-05     1.36227      -0.87285      -0.87287
  807      8081   3.57288e-05     1.36227      -0.87285      -0.87287
  808      8091    3.5551e-05     1.36227      -0.87285      -0.87287
  809      8101   3.53742e-05     1.36227      -0.87285      -0.87287
  810      8111   3.51982e-05     1.36227      -0.87285      -0.87287
  811      8121    3.5023e-05     1.36227      -0.87285      -0.87287
  812      8131   3.48488e-05     1.36227      -0.87285      -0.87287
  813      8141   3.46754e-05     1.36227      -0.87285      -0.87287
  814      8151   3.45029e-05     1.36227      -0.87285      -0.87287
  815      8161   3.43313e-05     1.36227      -0.87285      -0.87287
  816      8171   3.41605e-05     1.36227      -0.87285      -0.87287
  817      8181   3.39905e-05     1.36227      -0.87285      -0.87287
  818      8191   3.38214e-05     1.36227      -0.87285      -0.87287
  819      8201   3.36531e-05     1.36227      -0.87285      -0.87287
  820      8211   3.34857e-05     1.36227      -0.87285      -0.87287
  821      8221   3.33191e-05     1.36227      -0.87285      -0.87287
  822      8231   3.31533e-05     1.36227      -0.87285      -0.87287
  823      8241   3.29884e-05     1.36227      -0.87285      -0.87287
  824      8251   3.28243e-05     1.36227      -0.87285      -0.87287
  825      8261    3.2661e-05     1.36227      -0.87285      -0.87287
  826      8271   3.24985e-05     1.36227      -0.87285      -0.87287
  827      8281   3.23368e-05     1.36227      -0.87285      -0.87287
  828      8291   3.21759e-05     1.36227      -0.87285      -0.87287
  829      8301   3.20158e-05     1.36227      -0.87285      -0.87287
  830      8311   3.18565e-05     1.36227      -0.87285      -0.87287
  831      8321   3.16981e-05     1.36227      -0.87285      -0.87287
  832      8331   3.15404e-05     1.36227      -0.87285      -0.87287
  833      8341   3.13834e-05     1.36227      -0.87285      -0.87287
  834      8351   3.12273e-05     1.36227      -0.87285      -0.87287
  835      8361   3.10719e-05     1.36227      -0.87285      -0.87287
  836      8371   3.09174e-05     1.36227      -0.87285      -0.87287
  837      8381   3.07635e-05     1.36227      -0.87285      -0.87287
  838      8391   3.06105e-05     1.36227      -0.87285      -0.87287
  839      8401   3.04582e-05     1.36227      -0.87285      -0.87287
  840      8411   3.03067e-05     1.36276     -0.872867      -0.87287
  841      8421   3.01559e-05     1.36276     -0.872867      -0.87287
  842      8431   3.00059e-05     1.36276     -0.872867      -0.87287
  843      8441   2.98566e-05     1.36276     -0.872867      -0.87287
  844      8451    2.9708e-05     1.36276     -0.872867      -0.87287
  845      8461   2.95602e-05     1.36276     -0.872867      -0.87287
  846      8471   2.94132e-05     1.36276     -0.872867      -0.87287
  847      8481   2.92668e-05     1.36276     -0.872867      -0.87287
  848      8491   2.91212e-05     1.36276     -0.872867      -0.87287
  849      8501   2.89763e-05     1.36276     -0.872867      -0.87287
  850      8511   2.88322e-05     1.36276     -0.872867      -0.87287
  851      8521   2.86887e-05     1.36276     -0.872867      -0.87287
  852      8531    2.8546e-05     1.36276     -0.872867      -0.87287
  853      8541    2.8404e-05     1.36276     -0.872867      -0.87287
  854      8551   2.82627e-05     1.36276     -0.872867      -0.87287
  855      8561   2.81221e-05     1.36276     -0.872867      -0.87287
  856      8571   2.79822e-05     1.36276     -0.872867      -0.87287
  857      8581   2.78429e-05     1.36276     -0.872867      -0.87287
  858      8591   2.77044e-05     1.36276     -0.872867      -0.87287
  859      8601   2.75666e-05     1.36276     -0.872867      -0.87287
  860      8611   2.74294e-05     1.36276     -0.872867      -0.87287
  861      8621    2.7293e-05     1.36276     -0.872867      -0.87287
  862      8631   2.71572e-05     1.36276     -0.872867      -0.87287
  863      8641   2.70221e-05     1.36276     -0.872867      -0.87287
  864      8651   2.68876e-05     1.36276     -0.872867      -0.87287
  865      8661   2.67539e-05     1.36276     -0.872867      -0.87287
  866      8671   2.66208e-05     1.36276     -0.872867      -0.87287
  867      8681   2.64883e-05     1.36276     -0.872867      -0.87287
  868      8691   2.63565e-05     1.36276     -0.872867      -0.87287
  869      8701   2.62254e-05     1.36276     -0.872867      -0.87287
  870      8711   2.60949e-05     1.36276     -0.872867      -0.87287
  871      8721   2.59651e-05     1.36276     -0.872867      -0.87287
  872      8731   2.58359e-05     1.36276     -0.872867      -0.87287
  873      8741   2.57074e-05     1.36276     -0.872867      -0.87287
  874      8751   2.55795e-05     1.36276     -0.872867      -0.87287
  875      8761   2.54522e-05     1.36276     -0.872867      -0.87287
  876      8771   2.53256e-05     1.36276     -0.872867      -0.87287
  877      8781   2.51996e-05     1.36276     -0.872867      -0.87287
  878      8791   2.50742e-05     1.36276     -0.872867      -0.87287
  879      8801   2.49495e-05     1.36276     -0.872867      -0.87287
  880      8811   2.48254e-05     1.36276     -0.872867      -0.87287
  881      8821   2.47019e-05     1.36276     -0.872867      -0.87287
  882      8831    2.4579e-05     1.36276     -0.872867      -0.87287
  883      8841   2.44567e-05     1.36276     -0.872867      -0.87287
  884      8851    2.4335e-05     1.36276     -0.872867      -0.87287
  885      8861   2.42139e-05     1.36276     -0.872867      -0.87287
  886      8871   2.40935e-05     1.36276     -0.872867      -0.87287
  887      8881   2.39736e-05     1.36276     -0.872867      -0.87287
  888      8891   2.38543e-05     1.36276     -0.872867      -0.87287
  889      8901   2.37356e-05     1.36276     -0.872867      -0.87287
  890      8911   2.36176e-05     1.36276     -0.872867      -0.87287
  891      8921   2.35001e-05     1.36276     -0.872867      -0.87287
  892      8931   2.33831e-05     1.36276     -0.872867      -0.87287
  893      8941   2.32668e-05     1.36276     -0.872867      -0.87287
  894      8951   2.31511e-05     1.36276     -0.872867      -0.87287
  895      8961   2.30359e-05     1.36276     -0.872867      -0.87287
  896      8971   2.29213e-05     1.36276     -0.872867      -0.87287
  897      8981   2.28072e-05     1.36276     -0.872867      -0.87287
  898      8991   2.26938e-05     1.36276     -0.872867      -0.87287
  899      9001   2.25809e-05     1.36276     -0.872867      -0.87287
  900      9011   2.24685e-05     1.36276     -0.872867      -0.87287
  901      9021   2.23567e-05     1.36276     -0.872867      -0.87287
  902      9031   2.22455e-05     1.36276     -0.872867      -0.87287
  903      9041   2.21348e-05     1.36276     -0.872867      -0.87287
  904      9051   2.20247e-05     1.36276     -0.872867      -0.87287
  905      9061   2.19151e-05     1.36276     -0.872867      -0.87287
  906      9071   2.18061e-05     1.36276     -0.872867      -0.87287
  907      9081   2.16976e-05     1.36276     -0.872867      -0.87287
  908      9091   2.15897e-05     1.36276     -0.872867      -0.87287
  909      9101   2.14823e-05     1.36276     -0.872867      -0.87287
  910      9111   2.13754e-05     1.36276     -0.872867      -0.87287
  911      9121    2.1269e-05     1.36276     -0.872867      -0.87287
  912      9131   2.11632e-05     1.36276     -0.872867      -0.87287
  913      9141   2.10579e-05     1.36276     -0.872867      -0.87287
  914      9151   2.09532e-05     1.36276     -0.872867      -0.87287
  915      9161   2.08489e-05     1.36276     -0.872867      -0.87287
  916      9171   2.07452e-05     1.36276     -0.872867      -0.87287
  917      9181    2.0642e-05     1.36276     -0.872867      -0.87287
  918      9191   2.05393e-05     1.36276     -0.872867      -0.87287
  919      9201   2.04371e-05     1.36276     -0.872867      -0.87287
  920      9211   2.03354e-05     1.36276     -0.872867      -0.87287
  921      9221   2.02343e-05     1.36276     -0.872867      -0.87287
  922      9231   2.01336e-05     1.36276     -0.872867      -0.87287
  923      9241   2.00334e-05     1.36276     -0.872867      -0.87287
  924      9251   1.99337e-05     1.36276     -0.872867      -0.87287
  925      9261   1.98346e-05     1.36276     -0.872867      -0.87287
  926      9271   1.97359e-05     1.36276     -0.872867      -0.87287
  927      9281   1.96377e-05     1.36276     -0.872867      -0.87287
  928      9291     1.954e-05     1.36276     -0.872867      -0.87287
  929      9301   1.94428e-05     1.36276     -0.872867      -0.87287
  930      9311   1.93461e-05     1.36276     -0.872867      -0.87287
  931      9321   1.92498e-05     1.36276     -0.872867      -0.87287
  932      9331    1.9154e-05     1.36276     -0.872867      -0.87287
  933      9341   1.90587e-05     1.36276     -0.872867      -0.87287
  934      9351   1.89639e-05     1.36276     -0.872867      -0.87287
  935      9361   1.88696e-05     1.36276     -0.872867      -0.87287
  936      9371   1.87757e-05     1.36276     -0.872867      -0.87287
  937      9381   1.86823e-05     1.36276     -0.872867      -0.87287
  938      9391   1.85893e-05     1.36276     -0.872867      -0.87287
  939      9401   1.84969e-05     1.36276     -0.872867      -0.87287
  940      9411   1.84048e-05     1.36276     -0.872867      -0.87287
  941      9421   1.83133e-05     1.36276     -0.872867      -0.87287
  942      9431   1.82222e-05     1.36276     -0.872867      -0.87287
  943      9441   1.81315e-05     1.36276     -0.872867      -0.87287
  944      9451   1.80413e-05     1.36276     -0.872867      -0.87287
  945      9461   1.79515e-05     1.36276     -0.872867      -0.87287
  946      9471   1.78622e-05     1.36276     -0.872867      -0.87287
  947      9481   1.77734e-05     1.36276     -0.872867      -0.87287
  948      9491   1.76849e-05     1.36276     -0.872867      -0.87287
  949      9501   1.75969e-05     1.36276     -0.872867      -0.87287
  950      9511   1.75094e-05     1.36276     -0.872867      -0.87287
  951      9521   1.74223e-05     1.36276     -0.872867      -0.87287
  952      9531   1.73356e-05     1.36276     -0.872867      -0.87287
  953      9541   1.72494e-05     1.36276     -0.872867      -0.87287
  954      9551   1.71635e-05     1.36276     -0.872867      -0.87287
  955      9561   1.70782e-05     1.36276     -0.872867      -0.87287
  956      9571   1.69932e-05     1.36276     -0.872867      -0.87287
  957      9581   1.69086e-05     1.36276     -0.872867      -0.87287
  958      9591   1.68245e-05     1.36276     -0.872867      -0.87287
  959      9601   1.67408e-05     1.36276     -0.872867      -0.87287
  960      9611   1.66575e-05     1.36276     -0.872867      -0.87287
  961      9621   1.65747e-05     1.36276     -0.872867      -0.87287
  962      9631   1.64922e-05     1.36276     -0.872867      -0.87287
  963      9641   1.64101e-05     1.36276     -0.872867      -0.87287
  964      9651   1.63285e-05     1.36276     -0.872867      -0.87287
  965      9661   1.62473e-05     1.36276     -0.872867      -0.87287
  966      9671   1.61664e-05     1.36276     -0.872867      -0.87287
  967      9681    1.6086e-05     1.36276     -0.872867      -0.87287
  968      9691    1.6006e-05     1.36276     -0.872867      -0.87287
  969      9701   1.59263e-05     1.36276     -0.872867      -0.87287
  970      9711   1.58471e-05     1.36276     -0.872867      -0.87287
  971      9721   1.57683e-05     1.36276     -0.872867      -0.87287
  972      9731   1.56898e-05     1.36276     -0.872867      -0.87287
  973      9741   1.56118e-05     1.36276     -0.872867      -0.87287
  974      9751   1.55341e-05     1.36276     -0.872867      -0.87287
  975      9761   1.54568e-05     1.36276     -0.872867      -0.87287
  976      9771   1.53799e-05     1.36276     -0.872867      -0.87287
  977      9781   1.53034e-05     1.36276     -0.872867      -0.87287
  978      9791   1.52273e-05     1.36276     -0.872867      -0.87287
  979      9801   1.51515e-05     1.36276     -0.872867      -0.87287
  980      9811   1.50761e-05     1.36276     -0.872867      -0.87287
  981      9821   1.50011e-05     1.36276     -0.872867      -0.87287
  982      9831   1.49265e-05     1.36276     -0.872867      -0.87287
  983      9841   1.48522e-05     1.36276     -0.872867      -0.87287
  984      9851   1.47783e-05     1.36276     -0.872867      -0.87287
  985      9861   1.47048e-05     1.36276     -0.872867      -0.87287
  986      9871   1.46316e-05     1.36276     -0.872867      -0.87287
  987      9881   1.45588e-05     1.36276     -0.872867      -0.87287
  988      9891   1.44864e-05     1.36276     -0.872867      -0.87287
  989      9901   1.44143e-05     1.36276     -0.872867      -0.87287
  990      9911   1.43426e-05     1.36276     -0.872867      -0.87287
  991      9921   1.42713e-05     1.36276     -0.872867      -0.87287
  992      9931   1.42003e-05     1.36276     -0.872867      -0.87287
  993      9941   1.41296e-05     1.36276     -0.872867      -0.87287
  994      9951   1.40593e-05     1.36276     -0.872867      -0.87287
  995      9961   1.39894e-05     1.36276     -0.872867      -0.87287
  996      9971   1.39198e-05     1.36276     -0.872867      -0.87287
  997      9981   1.38505e-05     1.36276     -0.872867      -0.87287
  998      9991   1.37816e-05     1.36276     -0.872867      -0.87287
  999     10001   1.37131e-05     1.36276     -0.872867      -0.87287
 1000     10011   1.36448e-05     1.36276     -0.872867      -0.87287
 1001     10021   1.35769e-05     1.36276     -0.872867      -0.87287
 1002     10031   1.35094e-05     1.36276     -0.872867      -0.87287
 1003     10041   1.34422e-05     1.36276     -0.872867      -0.87287
 1004     10051   1.33753e-05     1.36276     -0.872867      -0.87287
 1005     10061   1.33088e-05     1.36276     -0.872867      -0.87287
 1006     10071   1.32426e-05     1.36276     -0.872867      -0.87287
 1007     10081   1.31767e-05     1.36276     -0.872867      -0.87287
 1008     10091   1.31111e-05     1.36276     -0.872867      -0.87287
 1009     10101   1.30459e-05     1.36276     -0.872867      -0.87287
 1010     10111    1.2981e-05     1.36276     -0.872867      -0.87287
 1011     10121   1.29164e-05     1.36276     -0.872867      -0.87287
 1012     10131   1.28521e-05     1.36276     -0.872867      -0.87287
 1013     10141   1.27882e-05     1.36276     -0.872867      -0.87287
 1014     10151   1.27246e-05     1.36276     -0.872867      -0.87287
 1015     10161   1.26613e-05     1.36276     -0.872867      -0.87287
 1016     10171   1.25983e-05     1.36276     -0.872867      -0.87287
 1017     10181   1.25356e-05     1.36276     -0.872867      -0.87287
 1018     10191   1.24732e-05     1.36276     -0.872867      -0.87287
 1019     10201   1.24112e-05     1.36276     -0.872867      -0.87287
 1020     10211   1.23494e-05     1.36276     -0.872867      -0.87287
 1021     10221    1.2288e-05     1.36276     -0.872867      -0.87287
 1022     10231   1.22269e-05     1.36276     -0.872867      -0.87287
 1023     10241    1.2166e-05     1.36276     -0.872867      -0.87287
 1024     10251   1.21055e-05     1.36276     -0.872867      -0.87287
 1025     10261   1.20453e-05     1.36276     -0.872867      -0.87287
 1026     10271   1.19853e-05     1.36276     -0.872867      -0.87287
 1027     10281   1.19257e-05     1.36276     -0.872867      -0.87287
 1028     10291   1.18664e-05     1.36276     -0.872867      -0.87287
 1029     10301   1.18074e-05     1.36276     -0.872867      -0.87287
 1030     10311   1.17486e-05     1.36276     -0.872867      -0.87287
 1031     10321   1.16902e-05     1.36276     -0.872867      -0.87287
 1032     10331    1.1632e-05     1.36276     -0.872867      -0.87287
 1033     10341   1.15741e-05     1.36276     -0.872867      -0.87287
 1034     10351   1.15165e-05     1.36276     -0.872867      -0.87287
 1035     10361   1.14592e-05     1.36276     -0.872867      -0.87287
 1036     10371   1.14022e-05     1.36276     -0.872867      -0.87287
 1037     10381   1.13455e-05     1.36276     -0.872867      -0.87287
 1038     10391   1.12891e-05     1.36276     -0.872867      -0.87287
 1039     10401   1.12329e-05     1.36276     -0.872867      -0.87287
 1040     10411    1.1177e-05     1.36276     -0.872867      -0.87287
 1041     10421   1.11214e-05     1.36276     -0.872867      -0.87287
 1042     10431   1.10661e-05     1.36276     -0.872867      -0.87287
 1043     10441    1.1011e-05     1.36276     -0.872867      -0.87287
 1044     10451   1.09562e-05     1.36276     -0.872867      -0.87287
 1045     10461   1.09017e-05     1.36276     -0.872867      -0.87287
 1046     10471   1.08475e-05     1.36276     -0.872867      -0.87287
 1047     10481   1.07935e-05     1.36276     -0.872867      -0.87287
 1048     10491   1.07398e-05     1.36276     -0.872867      -0.87287
 1049     10501   1.06864e-05     1.36276     -0.872867      -0.87287
 1050     10511   1.06332e-05     1.36276     -0.872867      -0.87287
 1051     10521   1.05803e-05     1.36276     -0.872867      -0.87287
 1052     10531   1.05277e-05     1.36276     -0.872867      -0.87287
 1053     10541   1.04753e-05     1.36276     -0.872867      -0.87287
 1054     10551   1.04232e-05     1.36276     -0.872867      -0.87287
 1055     10561   1.03713e-05     1.36276     -0.872867      -0.87287
 1056     10571   1.03197e-05     1.36276     -0.872867      -0.87287
 1057     10581   1.02684e-05     1.36276     -0.872867      -0.87287
 1058     10591   1.02173e-05     1.36276     -0.872867      -0.87287
 1059     10601   1.01665e-05     1.36276     -0.872867      -0.87287
 1060     10611   1.01159e-05     1.36276     -0.872867      -0.87287
 1061     10621   1.00656e-05     1.36276     -0.872867      -0.87287
 1062     10631   1.00155e-05     1.36276     -0.872867      -0.87287
 1063     10641   9.96567e-06     1.36276     -0.872867      -0.87287
 1064     10651   9.91609e-06     1.36276     -0.872867      -0.87287
 1065     10661   9.86675e-06     1.36276     -0.872867      -0.87287
 1066     10671   9.81766e-06     1.36276     -0.872867      -0.87287
 1067     10681   9.76882e-06     1.36276     -0.872867      -0.87287
 1068     10691   9.72022e-06     1.36276     -0.872867      -0.87287
 1069     10701   9.67186e-06     1.36276     -0.872867      -0.87287
 1070     10711   9.62374e-06     1.36276     -0.872867      -0.87287
 1071     10721   9.57586e-06     1.36276     -0.872867      -0.87287
 1072     10731   9.52822e-06     1.36276     -0.872867      -0.87287
 1073     10741   9.48082e-06     1.36276     -0.872867      -0.87287
 1074     10751   9.43365e-06     1.36276     -0.872867      -0.87287
 1075     10761   9.38671e-06     1.36276     -0.872867      -0.87287
 1076     10771   9.34001e-06     1.36276     -0.872867      -0.87287
 1077     10781   9.29355e-06     1.36276     -0.872867      -0.87287
 1078     10791   9.24731e-06     1.36276     -0.872867      -0.87287
 1079     10801    9.2013e-06     1.36276     -0.872867      -0.87287
 1080     10811   9.15553e-06     1.36276     -0.872867      -0.87287
 1081     10821   9.10998e-06     1.36276     -0.872867      -0.87287
 1082     10831   9.06465e-06     1.36276     -0.872867      -0.87287
 1083     10841   9.01956e-06     1.36276     -0.872867      -0.87287
 1084     10851   8.97468e-06     1.36276     -0.872867      -0.87287
 1085     10861   8.93003e-06     1.36276     -0.872867      -0.87287
 1086     10871    8.8856e-06     1.36276     -0.872867      -0.87287
 1087     10881    8.8414e-06     1.36276     -0.872867      -0.87287
 1088     10891   8.79741e-06     1.36276     -0.872867      -0.87287
 1089     10901   8.75364e-06     1.36276     -0.872867      -0.87287
 1090     10911   8.71009e-06     1.36276     -0.872867      -0.87287
 1091     10921   8.66676e-06     1.36276     -0.872867      -0.87287
 1092     10931   8.62364e-06     1.36276     -0.872867      -0.87287
 1093     10941   8.58074e-06     1.36276     -0.872867      -0.87287
 1094     10951   8.53804e-06     1.36276     -0.872867      -0.87287
 1095     10961   8.49557e-06     1.36276     -0.872867      -0.87287
 1096     10971    8.4533e-06     1.36276     -0.872867      -0.87287
 1097     10981   8.41124e-06     1.36276     -0.872867      -0.87287
 1098     10991    8.3694e-06     1.36276     -0.872867      -0.87287
 1099     11001   8.32776e-06     1.36276     -0.872867      -0.87287
 1100     11011   8.28633e-06     1.36276     -0.872867      -0.87287
 1101     11021    8.2451e-06     1.36276     -0.872867      -0.87287
 1102     11031   8.20408e-06     1.36276     -0.872867      -0.87287
 1103     11041   8.16326e-06     1.36276     -0.872867      -0.87287
 1104     11051   8.12265e-06     1.36276     -0.872867      -0.87287
 1105     11061   8.08224e-06     1.36276     -0.872867      -0.87287
 1106     11071   8.04203e-06     1.36276     -0.872867      -0.87287
 1107     11081   8.00202e-06     1.36276     -0.872867      -0.87287
 1108     11091   7.96221e-06     1.36276     -0.872867      -0.87287
 1109     11101    7.9226e-06     1.36276     -0.872867      -0.87287
 1110     11111   7.88318e-06     1.36276     -0.872867      -0.87287
 1111     11121   7.84396e-06     1.36276     -0.872867      -0.87287
 1112     11131   7.80494e-06     1.36276     -0.872867      -0.87287
 1113     11141   7.76611e-06     1.36276     -0.872867      -0.87287
 1114     11151   7.72747e-06     1.36276     -0.872867      -0.87287
 1115     11161   7.68902e-06     1.36276     -0.872867      -0.87287
 1116     11171   7.65077e-06     1.36276     -0.872867      -0.87287
 1117     11181   7.61271e-06     1.36276     -0.872867      -0.87287
 1118     11191   7.57483e-06     1.36276     -0.872867      -0.87287
 1119     11201   7.53715e-06     1.36276     -0.872867      -0.87287
 1120     11211   7.49965e-06     1.36276     -0.872867      -0.87287
 1121     11221   7.46234e-06     1.36276     -0.872867      -0.87287
 1122     11231   7.42521e-06     1.36276     -0.872867      -0.87287
 1123     11241   7.38827e-06     1.36276     -0.872867      -0.87287
 1124     11251   7.35151e-06     1.36276     -0.872867      -0.87287
 1125     11261   7.31494e-06     1.36276     -0.872867      -0.87287
 1126     11271   7.27854e-06     1.36276     -0.872867      -0.87287
 1127     11281   7.24233e-06     1.36276     -0.872867      -0.87287
 1128     11291    7.2063e-06     1.36276     -0.872867      -0.87287
 1129     11301   7.17045e-06     1.36276     -0.872867      -0.87287
 1130     11311   7.13477e-06     1.36276     -0.872867      -0.87287
 1131     11321   7.09928e-06     1.36276     -0.872867      -0.87287
 1132     11331   7.06396e-06     1.36276     -0.872867      -0.87287
 1133     11341   7.02881e-06     1.36276     -0.872867      -0.87287
 1134     11351   6.99384e-06     1.36276     -0.872867      -0.87287
 1135     11361   6.95905e-06     1.36276     -0.872867      -0.87287
 1136     11371   6.92443e-06     1.36276     -0.872867      -0.87287
 1137     11381   6.88998e-06     1.36276     -0.872867      -0.87287
 1138     11391    6.8557e-06     1.36276     -0.872867      -0.87287
 1139     11401   6.82159e-06     1.36276     -0.872867      -0.87287
 1140     11411   6.78765e-06     1.36276     -0.872867      -0.87287
 1141     11421   6.75388e-06     1.36276     -0.872867      -0.87287
 1142     11431   6.72028e-06     1.36276     -0.872867      -0.87287
 1143     11441   6.68685e-06     1.36276     -0.872867      -0.87287
 1144     11451   6.65358e-06     1.36276     -0.872867      -0.87287
 1145     11461   6.62048e-06     1.36276     -0.872867      -0.87287
 1146     11471   6.58754e-06     1.36276     -0.872867      -0.87287
 1147     11481   6.55477e-06     1.36276     -0.872867      -0.87287
 1148     11491   6.52215e-06     1.36276     -0.872867      -0.87287
 1149     11501   6.48971e-06     1.36276     -0.872867      -0.87287
 1150     11511   6.45742e-06     1.36276     -0.872867      -0.87287
 1151     11521   6.42529e-06     1.36276     -0.872867      -0.87287
 1152     11531   6.39333e-06     1.36276     -0.872867      -0.87287
 1153     11541   6.36152e-06     1.36276     -0.872867      -0.87287
 1154     11551   6.32987e-06     1.36276     -0.872867      -0.87287
 1155     11561   6.29838e-06     1.36276     -0.872867      -0.87287
 1156     11571   6.26704e-06     1.36276     -0.872867      -0.87287
 1157     11581   6.23586e-06     1.36276     -0.872867      -0.87287
 1158     11591   6.20484e-06     1.36276     -0.872867      -0.87287
 1159     11601   6.17397e-06     1.36276     -0.872867      -0.87287
 1160     11611   6.14325e-06     1.36276     -0.872867      -0.87287
 1161     11621   6.11269e-06     1.36276     -0.872867      -0.87287
 1162     11631   6.08228e-06     1.36276     -0.872867      -0.87287
 1163     11641   6.05202e-06     1.36276     -0.872867      -0.87287
 1164     11651   6.02191e-06     1.36276     -0.872867      -0.87287
 1165     11661   5.99195e-06     1.36276     -0.872867      -0.87287
 1166     11671   5.96214e-06     1.36276     -0.872867      -0.87287
 1167     11681   5.93248e-06     1.36276     -0.872867      -0.87287
 1168     11691   5.90296e-06     1.36276     -0.872867      -0.87287
 1169     11701   5.87359e-06     1.36276     -0.872867      -0.87287
 1170     11711   5.84437e-06     1.36276     -0.872867      -0.87287
 1171     11721   5.81529e-06     1.36276     -0.872867      -0.87287
 1172     11731   5.78636e-06     1.36276     -0.872867      -0.87287
 1173     11741   5.75757e-06     1.36276     -0.872867      -0.87287
 1174     11751   5.72893e-06     1.36276     -0.872867      -0.87287
 1175     11761   5.70043e-06     1.36276     -0.872867      -0.87287
 1176     11771   5.67207e-06     1.36276     -0.872867      -0.87287
 1177     11781   5.64385e-06     1.36276     -0.872867      -0.87287
 1178     11791   5.61577e-06     1.36276     -0.872867      -0.87287
 1179     11801   5.58783e-06     1.36276     -0.872867      -0.87287
 1180     11811   5.56003e-06     1.36276     -0.872867      -0.87287
 1181     11821   5.53237e-06     1.36276     -0.872867      -0.87287
 1182     11831   5.50484e-06     1.36276     -0.872867      -0.87287
 1183     11841   5.47746e-06     1.36276     -0.872867      -0.87287
 1184     11851   5.45021e-06     1.36276     -0.872867      -0.87287
 1185     11861   5.42309e-06     1.36276     -0.872867      -0.87287
 1186     11871   5.39611e-06     1.36276     -0.872867      -0.87287
 1187     11881   5.36926e-06     1.36276     -0.872867      -0.87287
 1188     11891   5.34255e-06     1.36276     -0.872867      -0.87287
 1189     11901   5.31597e-06     1.36276     -0.872867      -0.87287
 1190     11911   5.28952e-06     1.36276     -0.872867      -0.87287
 1191     11921   5.26321e-06     1.36276     -0.872867      -0.87287
 1192     11931   5.23702e-06     1.36276     -0.872867      -0.87287
 1193     11941   5.21097e-06     1.36276     -0.872867      -0.87287
 1194     11951   5.18504e-06     1.36276     -0.872867      -0.87287
 1195     11961   5.15925e-06     1.36276     -0.872867      -0.87287
 1196     11971   5.13358e-06     1.36276     -0.872867      -0.87287
 1197     11981   5.10804e-06     1.36276     -0.872867      -0.87287
 1198     11991   5.08262e-06     1.36276     -0.872867      -0.87287
 1199     12001   5.05734e-06     1.36276     -0.872867      -0.87287
 1200     12011   5.03218e-06     1.36276     -0.872867      -0.87287
 1201     12021   5.00714e-06     1.36276     -0.872867      -0.87287
 1202     12031   4.98223e-06     1.36276     -0.872867      -0.87287
 1203     12041   4.95744e-06     1.36276     -0.872867      -0.87287
 1204     12051   4.93278e-06     1.36276     -0.872867      -0.87287
 1205     12061   4.90824e-06     1.36276     -0.872867      -0.87287
 1206     12071   4.88382e-06     1.36276     -0.872867      -0.87287
 1207     12081   4.85952e-06     1.36276     -0.872867      -0.87287
 1208     12091   4.83534e-06     1.36276     -0.872867      -0.87287
 1209     12101   4.81129e-06     1.36276     -0.872867      -0.87287
 1210     12111   4.78735e-06     1.36276     -0.872867      -0.87287
 1211     12121   4.76353e-06     1.36276     -0.872867      -0.87287
 1212     12131   4.73983e-06     1.36276     -0.872867      -0.87287
 1213     12141   4.71625e-06     1.36276     -0.872867      -0.87287
 1214     12151   4.69279e-06     1.36276     -0.872867      -0.87287
 1215     12161   4.66944e-06     1.36276     -0.872867      -0.87287
 1216     12171   4.64621e-06     1.36276     -0.872867      -0.87287
 1217     12181    4.6231e-06     1.36276     -0.872867      -0.87287
 1218     12191   4.60009e-06     1.36276     -0.872867      -0.87287
 1219     12201   4.57721e-06     1.36276     -0.872867      -0.87287
 1220     12211   4.55444e-06     1.36276     -0.872867      -0.87287
 1221     12221   4.53178e-06     1.36276     -0.872867      -0.87287
 1222     12231   4.50923e-06     1.36276     -0.872867      -0.87287
 1223     12241    4.4868e-06     1.36276     -0.872867      -0.87287
 1224     12251   4.46448e-06     1.36276     -0.872867      -0.87287
 1225     12261   4.44226e-06     1.36276     -0.872867      -0.87287
 1226     12271   4.42016e-06     1.36276     -0.872867      -0.87287
 1227     12281   4.39817e-06     1.36276     -0.872867      -0.87287
 1228     12291   4.37629e-06     1.36276     -0.872867      -0.87287
 1229     12301   4.35452e-06     1.36276     -0.872867      -0.87287
 1230     12311   4.33285e-06     1.36276     -0.872867      -0.87287
 1231     12321    4.3113e-06     1.36276     -0.872867      -0.87287
 1232     12331   4.28985e-06     1.36276     -0.872867      -0.87287
 1233     12341   4.26851e-06     1.36276     -0.872867      -0.87287
 1234     12351   4.24727e-06     1.36276     -0.872867      -0.87287
 1235     12361   4.22614e-06     1.36276     -0.872867      -0.87287
 1236     12371   4.20511e-06     1.36276     -0.872867      -0.87287
 1237     12381   4.18419e-06     1.36276     -0.872867      -0.87287
 1238     12391   4.16338e-06     1.36276     -0.872867      -0.87287
 1239     12401   4.14266e-06     1.36276     -0.872867      -0.87287
 1240     12411   4.12205e-06     1.36276     -0.872867      -0.87287
 1241     12421   4.10154e-06     1.36276     -0.872867      -0.87287
 1242     12431   4.08114e-06     1.36276     -0.872867      -0.87287
 1243     12441   4.06083e-06     1.36276     -0.872867      -0.87287
 1244     12451   4.04063e-06     1.36276     -0.872867      -0.87287
 1245     12461   4.02053e-06     1.36276     -0.872867      -0.87287
 1246     12471   4.00053e-06     1.36276     -0.872867      -0.87287
 1247     12481   3.98062e-06     1.36276     -0.872867      -0.87287
 1248     12491   3.96082e-06     1.36276     -0.872867      -0.87287
 1249     12501   3.94111e-06     1.36276     -0.872867      -0.87287
 1250     12511   3.92151e-06     1.36276     -0.872867      -0.87287
 1251     12521     3.902e-06     1.36276     -0.872867      -0.87287
 1252     12531   3.88258e-06     1.36276     -0.872867      -0.87287
 1253     12541   3.86327e-06     1.36276     -0.872867      -0.87287
 1254     12551   3.84405e-06     1.36276     -0.872867      -0.87287
 1255     12561   3.82492e-06     1.36276     -0.872867      -0.87287
 1256     12571   3.80589e-06     1.36276     -0.872867      -0.87287
 1257     12581   3.78696e-06     1.36276     -0.872867      -0.87287
 1258     12591   3.76812e-06     1.36276     -0.872867      -0.87287
 1259     12601   3.74937e-06     1.36276     -0.872867      -0.87287
 1260     12611   3.73072e-06     1.36276     -0.872867      -0.87287
 1261     12621   3.71216e-06     1.36276     -0.872867      -0.87287
 1262     12631   3.69369e-06     1.36276     -0.872867      -0.87287
 1263     12641   3.67531e-06     1.36276     -0.872867      -0.87287
 1264     12651   3.65703e-06     1.36276     -0.872867      -0.87287
 1265     12661   3.63883e-06     1.36276     -0.872867      -0.87287
 1266     12671   3.62073e-06     1.36276     -0.872867      -0.87287
 1267     12681   3.60271e-06     1.36276     -0.872867      -0.87287
 1268     12691   3.58479e-06     1.36276     -0.872867      -0.87287
 1269     12701   3.56695e-06     1.36276     -0.872867      -0.87287
 1270     12711   3.54921e-06     1.36276     -0.872867      -0.87287
 1271     12721   3.53155e-06     1.36276     -0.872867      -0.87287
 1272     12731   3.51398e-06     1.36276     -0.872867      -0.87287
 1273     12741    3.4965e-06     1.36276     -0.872867      -0.87287
 1274     12751    3.4791e-06     1.36276     -0.872867      -0.87287
 1275     12761   3.46179e-06     1.36276     -0.872867      -0.87287
 1276     12771   3.44457e-06     1.36276     -0.872867      -0.87287
 1277     12781   3.42743e-06     1.36276     -0.872867      -0.87287
 1278     12791   3.41038e-06     1.36276     -0.872867      -0.87287
 1279     12801   3.39342e-06     1.36276     -0.872867      -0.87287
 1280     12811   3.37653e-06     1.36276     -0.872867      -0.87287
 1281     12821   3.35973e-06     1.36276     -0.872867      -0.87287
 1282     12831   3.34302e-06     1.36276     -0.872867      -0.87287
 1283     12841   3.32639e-06     1.36276     -0.872867      -0.87287
 1284     12851   3.30984e-06     1.36276     -0.872867      -0.87287
 1285     12861   3.29337e-06     1.36276     -0.872867      -0.87287
 1286     12871   3.27699e-06     1.36276     -0.872867      -0.87287
 1287     12881   3.26068e-06     1.36276     -0.872867      -0.87287
 1288     12891   3.24446e-06     1.36276     -0.872867      -0.87287
 1289     12901   3.22832e-06     1.36276     -0.872867      -0.87287
 1290     12911   3.21226e-06     1.36276     -0.872867      -0.87287
 1291     12921   3.19628e-06     1.36276     -0.872867      -0.87287
 1292     12931   3.18037e-06     1.36276     -0.872867      -0.87287
 1293     12941   3.16455e-06     1.36276     -0.872867      -0.87287
 1294     12951   3.14881e-06     1.36276     -0.872867      -0.87287
 1295     12961   3.13314e-06     1.36276     -0.872867      -0.87287
 1296     12971   3.11755e-06     1.36276     -0.872867      -0.87287
 1297     12981   3.10204e-06     1.36276     -0.872867      -0.87287
 1298     12991   3.08661e-06     1.36276     -0.872867      -0.87287
 1299     13001   3.07125e-06     1.36276     -0.872867      -0.87287
 1300     13011   3.05597e-06     1.36276     -0.872867      -0.87287
 1301     13021   3.04077e-06     1.36276     -0.872867      -0.87287
 1302     13031   3.02564e-06     1.36276     -0.872867      -0.87287
 1303     13041   3.01059e-06     1.36276     -0.872867      -0.87287
 1304     13051   2.99561e-06     1.36276     -0.872867      -0.87287
 1305     13061   2.98071e-06     1.36276     -0.872867      -0.87287
 1306     13071   2.96588e-06     1.36276     -0.872867      -0.87287
 1307     13081   2.95112e-06     1.36276     -0.872867      -0.87287
 1308     13091   2.93644e-06     1.36276     -0.872867      -0.87287
 1309     13101   2.92183e-06     1.36276     -0.872867      -0.87287
 1310     13111   2.90729e-06     1.36276     -0.872867      -0.87287
 1311     13121   2.89283e-06     1.36276     -0.872867      -0.87287
 1312     13131   2.87844e-06     1.36276     -0.872867      -0.87287
 1313     13141   2.86412e-06     1.36276     -0.872867      -0.87287
 1314     13151   2.84987e-06     1.36276     -0.872867      -0.87287
 1315     13161   2.83569e-06     1.36276     -0.872867      -0.87287
 1316     13171   2.82158e-06     1.36276     -0.872867      -0.87287
 1317     13181   2.80754e-06     1.36276     -0.872867      -0.87287
 1318     13191   2.79358e-06     1.36276     -0.872867      -0.87287
 1319     13201   2.77968e-06     1.36276     -0.872867      -0.87287
 1320     13211   2.76585e-06     1.36276     -0.872867      -0.87287
 1321     13221   2.75209e-06     1.36276     -0.872867      -0.87287
 1322     13231    2.7384e-06     1.36276     -0.872867      -0.87287
 1323     13241   2.72477e-06     1.36276     -0.872867      -0.87287
 1324     13251   2.71122e-06     1.36276     -0.872867      -0.87287
 1325     13261   2.69773e-06     1.36276     -0.872867      -0.87287
 1326     13271   2.68431e-06     1.36276     -0.872867      -0.87287
 1327     13281   2.67095e-06     1.36276     -0.872867      -0.87287
 1328     13291   2.65766e-06     1.36276     -0.872867      -0.87287
 1329     13301   2.64444e-06     1.36276     -0.872867      -0.87287
 1330     13311   2.63128e-06     1.36276     -0.872867      -0.87287
 1331     13321   2.61819e-06     1.36276     -0.872867      -0.87287
 1332     13331   2.60517e-06     1.36276     -0.872867      -0.87287
 1333     13341   2.59221e-06     1.36276     -0.872867      -0.87287
 1334     13351   2.57931e-06     1.36276     -0.872867      -0.87287
 1335     13361   2.56648e-06     1.36276     -0.872867      -0.87287
 1336     13371   2.55371e-06     1.36276     -0.872867      -0.87287
 1337     13381     2.541e-06     1.36276     -0.872867      -0.87287
 1338     13391   2.52836e-06     1.36276     -0.872867      -0.87287
 1339     13401   2.51578e-06     1.36276     -0.872867      -0.87287
 1340     13411   2.50327e-06     1.36276     -0.872867      -0.87287
 1341     13421   2.49081e-06     1.36276     -0.872867      -0.87287
 1342     13431   2.47842e-06     1.36276     -0.872867      -0.87287
 1343     13441   2.46609e-06     1.36276     -0.872867      -0.87287
 1344     13451   2.45382e-06     1.36276     -0.872867      -0.87287
 1345     13461   2.44161e-06     1.36276     -0.872867      -0.87287
 1346     13471   2.42947e-06     1.36276     -0.872867      -0.87287
 1347     13481   2.41738e-06     1.36276     -0.872867      -0.87287
 1348     13491   2.40535e-06     1.36276     -0.872867      -0.87287
 1349     13501   2.39339e-06     1.36276     -0.872867      -0.87287
 1350     13511   2.38148e-06     1.36276     -0.872867      -0.87287
 1351     13521   2.36963e-06     1.36276     -0.872867      -0.87287
 1352     13531   2.35784e-06     1.36276     -0.872867      -0.87287
 1353     13541   2.34611e-06     1.36276     -0.872867      -0.87287
 1354     13551   2.33444e-06     1.36276     -0.872867      -0.87287
 1355     13561   2.32282e-06     1.36276     -0.872867      -0.87287
 1356     13571   2.31127e-06     1.36276     -0.872867      -0.87287
 1357     13581   2.29977e-06     1.36276     -0.872867      -0.87287
 1358     13591   2.28833e-06     1.36276     -0.872867      -0.87287
 1359     13601   2.27694e-06     1.36276     -0.872867      -0.87287
 1360     13611   2.26561e-06     1.36276     -0.872867      -0.87287
 1361     13621   2.25434e-06     1.36276     -0.872867      -0.87287
 1362     13631   2.24313e-06     1.36276     -0.872867      -0.87287
 1363     13641   2.23197e-06     1.36276     -0.872867      -0.87287
 1364     13651   2.22086e-06     1.36276     -0.872867      -0.87287
 1365     13661   2.20981e-06     1.36276     -0.872867      -0.87287
 1366     13671   2.19882e-06     1.36276     -0.872867      -0.87287
 1367     13681   2.18788e-06     1.36276     -0.872867      -0.87287
 1368     13691     2.177e-06     1.36276     -0.872867      -0.87287
 1369     13701   2.16616e-06     1.36276     -0.872867      -0.87287
 1370     13711   2.15539e-06     1.36276     -0.872867      -0.87287
 1371     13721   2.14466e-06     1.36276     -0.872867      -0.87287
 1372     13731   2.13399e-06     1.36276     -0.872867      -0.87287
 1373     13741   2.12338e-06     1.36276     -0.872867      -0.87287
 1374     13751   2.11281e-06     1.36276     -0.872867      -0.87287
 1375     13761    2.1023e-06     1.36276     -0.872867      -0.87287
 1376     13771   2.09184e-06     1.36276     -0.872867      -0.87287
 1377     13781   2.08144e-06     1.36276     -0.872867      -0.87287
 1378     13791   2.07108e-06     1.36276     -0.872867      -0.87287
 1379     13801   2.06078e-06     1.36276     -0.872867      -0.87287
 1380     13811   2.05052e-06     1.36276     -0.872867      -0.87287
 1381     13821   2.04032e-06     1.36276     -0.872867      -0.87287
 1382     13831   2.03017e-06     1.36276     -0.872867      -0.87287
 1383     13841   2.02007e-06     1.36276     -0.872867      -0.87287
 1384     13851   2.01002e-06     1.36276     -0.872867      -0.87287
 1385     13861   2.00002e-06     1.36276     -0.872867      -0.87287
Final Result (should be 1.3633498):    1.3633498
