This file contains any messages produced by compilers while
running configure, to aid debugging if configure makes a mistake.

It was created by fgsl configure 1.0.0, which was
generated by GNU Autoconf 2.69.  Invocation command line was

  $ ./configure --prefix=/home/cardonac/projects/tSZ-CMB-lensing-bispectrum/tSZCMB/Libraries/ FC=gfortran

## --------- ##
## Platform. ##
## --------- ##

hostname = login1.cluster
uname -m = x86_64
uname -r = 2.6.32-504.23.4.el6.x86_64
uname -s = Linux
uname -v = #1 SMP Tue Jun 9 20:57:37 UTC 2015

/usr/bin/uname -p = unknown
/bin/uname -X     = unknown

/bin/arch              = x86_64
/usr/bin/arch -k       = unknown
/usr/convex/getsysinfo = unknown
/usr/bin/hostinfo      = unknown
/bin/machine           = unknown
/usr/bin/oslevel       = unknown
/bin/universe          = unknown

PATH: /usr/mpi/intel/openmpi-1.8.3/bin
PATH: /home/cardonac/software/plc-2.0/bin
PATH: /home/cardonac/Enthought/Canopy_64bit/User/bin
PATH: /usr/mpi/gcc/openmpi-1.8.4/bin
PATH: /usr/lib64/qt-3.3/bin
PATH: /usr/mpi/gcc/openmpi-1.6.5/bin
PATH: /opt/intel/composer_xe_2015.0.090/bin/intel64
PATH: /opt/intel/composer_xe_2015.0.090/mpirt/bin/intel64
PATH: /opt/intel/composer_xe_2015.0.090/debugger/gdb/intel64_mic/bin
PATH: /opt/cluster/admin
PATH: /usr/local/bin
PATH: /bin
PATH: /usr/bin
PATH: /usr/local/sbin
PATH: /usr/sbin
PATH: /sbin
PATH: /opt/c3-4
PATH: /opt/ibutils/bin
PATH: /home/cardonac/bin


## ----------- ##
## Core tests. ##
## ----------- ##

configure:2557: checking for a BSD-compatible install
configure:2625: result: /usr/bin/install -c
configure:2636: checking whether build environment is sane
configure:2691: result: yes
configure:2842: checking for a thread-safe mkdir -p
configure:2881: result: /bin/mkdir -p
configure:2888: checking for gawk
configure:2904: found /bin/gawk
configure:2915: result: gawk
configure:2926: checking whether make sets $(MAKE)
configure:2948: result: yes
configure:2977: checking whether make supports nested variables
configure:2994: result: yes
configure:3124: checking build system type
configure:3138: result: x86_64-unknown-linux-gnu
configure:3158: checking host system type
configure:3171: result: x86_64-unknown-linux-gnu
configure:3214: checking for style of include used by make
configure:3242: result: GNU
configure:3313: checking for gcc
configure:3329: found /usr/bin/gcc
configure:3340: result: gcc
configure:3569: checking for C compiler version
configure:3578: gcc --version >&5
gcc (GCC) 4.4.7 20120313 (Red Hat 4.4.7-11)
Copyright (C) 2010 Free Software Foundation, Inc.
This is free software; see the source for copying conditions.  There is NO
warranty; not even for MERCHANTABILITY or FITNESS FOR A PARTICULAR PURPOSE.

configure:3589: $? = 0
configure:3578: gcc -v >&5
Using built-in specs.
Target: x86_64-redhat-linux
Configured with: ../configure --prefix=/usr --mandir=/usr/share/man --infodir=/usr/share/info --with-bugurl=http://bugzilla.redhat.com/bugzilla --enable-bootstrap --enable-shared --enable-threads=posix --enable-checking=release --with-system-zlib --enable-__cxa_atexit --disable-libunwind-exceptions --enable-gnu-unique-object --enable-languages=c,c++,objc,obj-c++,java,fortran,ada --enable-java-awt=gtk --disable-dssi --with-java-home=/usr/lib/jvm/java-1.5.0-gcj-1.5.0.0/jre --enable-libgcj-multifile --enable-java-maintainer-mode --with-ecj-jar=/usr/share/java/eclipse-ecj.jar --disable-libjava-multilib --with-ppl --with-cloog --with-tune=generic --with-arch_32=i686 --build=x86_64-redhat-linux
Thread model: posix
gcc version 4.4.7 20120313 (Red Hat 4.4.7-11) (GCC) 
configure:3589: $? = 0
configure:3578: gcc -V >&5
gcc: '-V' option must have argument
configure:3589: $? = 1
configure:3578: gcc -qversion >&5
gcc: unrecognized option '-qversion'
gcc: no input files
configure:3589: $? = 1
configure:3609: checking whether the C compiler works
configure:3631: gcc    conftest.c  >&5
configure:3635: $? = 0
configure:3683: result: yes
configure:3686: checking for C compiler default output file name
configure:3688: result: a.out
configure:3694: checking for suffix of executables
configure:3701: gcc -o conftest    conftest.c  >&5
configure:3705: $? = 0
configure:3727: result: 
configure:3749: checking whether we are cross compiling
configure:3757: gcc -o conftest    conftest.c  >&5
configure:3761: $? = 0
configure:3768: ./conftest
configure:3772: $? = 0
configure:3787: result: no
configure:3792: checking for suffix of object files
configure:3814: gcc -c   conftest.c >&5
configure:3818: $? = 0
configure:3839: result: o
configure:3843: checking whether we are using the GNU C compiler
configure:3862: gcc -c   conftest.c >&5
configure:3862: $? = 0
configure:3871: result: yes
configure:3880: checking whether gcc accepts -g
configure:3900: gcc -c -g  conftest.c >&5
configure:3900: $? = 0
configure:3941: result: yes
configure:3958: checking for gcc option to accept ISO C89
configure:4021: gcc  -c -g -O2  conftest.c >&5
configure:4021: $? = 0
configure:4034: result: none needed
configure:4059: checking whether gcc understands -c and -o together
configure:4081: gcc -c conftest.c -o conftest2.o
configure:4084: $? = 0
configure:4081: gcc -c conftest.c -o conftest2.o
configure:4084: $? = 0
configure:4096: result: yes
configure:4115: checking dependency style of gcc
configure:4226: result: gcc3
configure:4247: checking how to run the C preprocessor
configure:4278: gcc -E  conftest.c
configure:4278: $? = 0
configure:4292: gcc -E  conftest.c
conftest.c:11:28: error: ac_nonexistent.h: No such file or directory
configure:4292: $? = 1
configure: failed program was:
| /* confdefs.h */
| #define PACKAGE_NAME "fgsl"
| #define PACKAGE_TARNAME "fgsl"
| #define PACKAGE_VERSION "1.0.0"
| #define PACKAGE_STRING "fgsl 1.0.0"
| #define PACKAGE_BUGREPORT "Reinhold.Bader@lrz.de"
| #define PACKAGE_URL ""
| #define PACKAGE "fgsl"
| #define VERSION "1.0.0"
| /* end confdefs.h.  */
| #include <ac_nonexistent.h>
configure:4317: result: gcc -E
configure:4337: gcc -E  conftest.c
configure:4337: $? = 0
configure:4351: gcc -E  conftest.c
conftest.c:11:28: error: ac_nonexistent.h: No such file or directory
configure:4351: $? = 1
configure: failed program was:
| /* confdefs.h */
| #define PACKAGE_NAME "fgsl"
| #define PACKAGE_TARNAME "fgsl"
| #define PACKAGE_VERSION "1.0.0"
| #define PACKAGE_STRING "fgsl 1.0.0"
| #define PACKAGE_BUGREPORT "Reinhold.Bader@lrz.de"
| #define PACKAGE_URL ""
| #define PACKAGE "fgsl"
| #define VERSION "1.0.0"
| /* end confdefs.h.  */
| #include <ac_nonexistent.h>
configure:4380: checking for grep that handles long lines and -e
configure:4438: result: /bin/grep
configure:4443: checking for egrep
configure:4505: result: /bin/grep -E
configure:4510: checking for ANSI C header files
configure:4530: gcc -c -g -O2  conftest.c >&5
configure:4530: $? = 0
configure:4603: gcc -o conftest -g -O2   conftest.c  >&5
configure:4603: $? = 0
configure:4603: ./conftest
configure:4603: $? = 0
configure:4614: result: yes
configure:4627: checking for sys/types.h
configure:4627: gcc -c -g -O2  conftest.c >&5
configure:4627: $? = 0
configure:4627: result: yes
configure:4627: checking for sys/stat.h
configure:4627: gcc -c -g -O2  conftest.c >&5
configure:4627: $? = 0
configure:4627: result: yes
configure:4627: checking for stdlib.h
configure:4627: gcc -c -g -O2  conftest.c >&5
configure:4627: $? = 0
configure:4627: result: yes
configure:4627: checking for string.h
configure:4627: gcc -c -g -O2  conftest.c >&5
configure:4627: $? = 0
configure:4627: result: yes
configure:4627: checking for memory.h
configure:4627: gcc -c -g -O2  conftest.c >&5
configure:4627: $? = 0
configure:4627: result: yes
configure:4627: checking for strings.h
configure:4627: gcc -c -g -O2  conftest.c >&5
configure:4627: $? = 0
configure:4627: result: yes
configure:4627: checking for inttypes.h
configure:4627: gcc -c -g -O2  conftest.c >&5
configure:4627: $? = 0
configure:4627: result: yes
configure:4627: checking for stdint.h
configure:4627: gcc -c -g -O2  conftest.c >&5
configure:4627: $? = 0
configure:4627: result: yes
configure:4627: checking for unistd.h
configure:4627: gcc -c -g -O2  conftest.c >&5
configure:4627: $? = 0
configure:4627: result: yes
configure:4640: checking minix/config.h usability
configure:4640: gcc -c -g -O2  conftest.c >&5
conftest.c:54:26: error: minix/config.h: No such file or directory
configure:4640: $? = 1
configure: failed program was:
| /* confdefs.h */
| #define PACKAGE_NAME "fgsl"
| #define PACKAGE_TARNAME "fgsl"
| #define PACKAGE_VERSION "1.0.0"
| #define PACKAGE_STRING "fgsl 1.0.0"
| #define PACKAGE_BUGREPORT "Reinhold.Bader@lrz.de"
| #define PACKAGE_URL ""
| #define PACKAGE "fgsl"
| #define VERSION "1.0.0"
| #define STDC_HEADERS 1
| #define HAVE_SYS_TYPES_H 1
| #define HAVE_SYS_STAT_H 1
| #define HAVE_STDLIB_H 1
| #define HAVE_STRING_H 1
| #define HAVE_MEMORY_H 1
| #define HAVE_STRINGS_H 1
| #define HAVE_INTTYPES_H 1
| #define HAVE_STDINT_H 1
| #define HAVE_UNISTD_H 1
| /* end confdefs.h.  */
| #include <stdio.h>
| #ifdef HAVE_SYS_TYPES_H
| # include <sys/types.h>
| #endif
| #ifdef HAVE_SYS_STAT_H
| # include <sys/stat.h>
| #endif
| #ifdef STDC_HEADERS
| # include <stdlib.h>
| # include <stddef.h>
| #else
| # ifdef HAVE_STDLIB_H
| #  include <stdlib.h>
| # endif
| #endif
| #ifdef HAVE_STRING_H
| # if !defined STDC_HEADERS && defined HAVE_MEMORY_H
| #  include <memory.h>
| # endif
| # include <string.h>
| #endif
| #ifdef HAVE_STRINGS_H
| # include <strings.h>
| #endif
| #ifdef HAVE_INTTYPES_H
| # include <inttypes.h>
| #endif
| #ifdef HAVE_STDINT_H
| # include <stdint.h>
| #endif
| #ifdef HAVE_UNISTD_H
| # include <unistd.h>
| #endif
| #include <minix/config.h>
configure:4640: result: no
configure:4640: checking minix/config.h presence
configure:4640: gcc -E  conftest.c
conftest.c:21:26: error: minix/config.h: No such file or directory
configure:4640: $? = 1
configure: failed program was:
| /* confdefs.h */
| #define PACKAGE_NAME "fgsl"
| #define PACKAGE_TARNAME "fgsl"
| #define PACKAGE_VERSION "1.0.0"
| #define PACKAGE_STRING "fgsl 1.0.0"
| #define PACKAGE_BUGREPORT "Reinhold.Bader@lrz.de"
| #define PACKAGE_URL ""
| #define PACKAGE "fgsl"
| #define VERSION "1.0.0"
| #define STDC_HEADERS 1
| #define HAVE_SYS_TYPES_H 1
| #define HAVE_SYS_STAT_H 1
| #define HAVE_STDLIB_H 1
| #define HAVE_STRING_H 1
| #define HAVE_MEMORY_H 1
| #define HAVE_STRINGS_H 1
| #define HAVE_INTTYPES_H 1
| #define HAVE_STDINT_H 1
| #define HAVE_UNISTD_H 1
| /* end confdefs.h.  */
| #include <minix/config.h>
configure:4640: result: no
configure:4640: checking for minix/config.h
configure:4640: result: no
configure:4661: checking whether it is safe to define __EXTENSIONS__
configure:4679: gcc -c -g -O2  conftest.c >&5
configure:4679: $? = 0
configure:4686: result: yes
configure:4750: checking for ar
configure:4766: found /usr/bin/ar
configure:4777: result: ar
configure:4803: checking the archiver (ar) interface
configure:4819: gcc -c -g -O2  conftest.c >&5
configure:4819: $? = 0
configure:4821: ar cru libconftest.a conftest.o >&5
configure:4824: $? = 0
configure:4852: result: ar
configure:4921: checking how to print strings
configure:4948: result: printf
configure:4969: checking for a sed that does not truncate output
configure:5033: result: /bin/sed
configure:5051: checking for fgrep
configure:5113: result: /bin/grep -F
configure:5148: checking for ld used by gcc
configure:5215: result: /usr/bin/ld
configure:5222: checking if the linker (/usr/bin/ld) is GNU ld
configure:5237: result: yes
configure:5249: checking for BSD- or MS-compatible name lister (nm)
configure:5298: result: /usr/bin/nm -B
configure:5428: checking the name lister (/usr/bin/nm -B) interface
configure:5435: gcc -c -g -O2  conftest.c >&5
configure:5438: /usr/bin/nm -B "conftest.o"
configure:5441: output
0000000000000000 B some_variable
configure:5448: result: BSD nm
configure:5451: checking whether ln -s works
configure:5455: result: yes
configure:5463: checking the maximum length of command line arguments
configure:5593: result: 3458764513820540925
configure:5610: checking whether the shell understands some XSI constructs
configure:5620: result: yes
configure:5624: checking whether the shell understands "+="
configure:5630: result: yes
configure:5665: checking how to convert x86_64-unknown-linux-gnu file names to x86_64-unknown-linux-gnu format
configure:5705: result: func_convert_file_noop
configure:5712: checking how to convert x86_64-unknown-linux-gnu file names to toolchain format
configure:5732: result: func_convert_file_noop
configure:5739: checking for /usr/bin/ld option to reload object files
configure:5746: result: -r
configure:5820: checking for objdump
configure:5836: found /usr/bin/objdump
configure:5847: result: objdump
configure:5876: checking how to recognize dependent libraries
configure:6078: result: pass_all
configure:6163: checking for dlltool
configure:6193: result: no
configure:6220: checking how to associate runtime and link libraries
configure:6247: result: printf %s\n
configure:6371: checking for archiver @FILE support
configure:6388: gcc -c -g -O2  conftest.c >&5
configure:6388: $? = 0
configure:6391: ar cru libconftest.a @conftest.lst >&5
configure:6394: $? = 0
configure:6399: ar cru libconftest.a @conftest.lst >&5
ar: conftest.o: No such file or directory
configure:6402: $? = 1
configure:6414: result: @
configure:6472: checking for strip
configure:6488: found /usr/bin/strip
configure:6499: result: strip
configure:6571: checking for ranlib
configure:6587: found /usr/bin/ranlib
configure:6598: result: ranlib
configure:6700: checking command to parse /usr/bin/nm -B output from gcc object
configure:6820: gcc -c -g -O2  conftest.c >&5
configure:6823: $? = 0
configure:6827: /usr/bin/nm -B conftest.o \| sed -n -e 's/^.*[ ]\([ABCDGIRSTW][ABCDGIRSTW]*\)[ ][ ]*\([_A-Za-z][_A-Za-z0-9]*\)$/\1 \2 \2/p' | sed '/ __gnu_lto/d' \> conftest.nm
configure:6830: $? = 0
configure:6896: gcc -o conftest -g -O2   conftest.c conftstm.o >&5
configure:6899: $? = 0
configure:6937: result: ok
configure:6974: checking for sysroot
configure:7004: result: no
configure:7081: gcc -c -g -O2  conftest.c >&5
configure:7084: $? = 0
configure:7260: checking for mt
configure:7290: result: no
configure:7310: checking if : is a manifest tool
configure:7316: : '-?'
configure:7324: result: no
configure:7963: checking for dlfcn.h
configure:7963: gcc -c -g -O2  conftest.c >&5
configure:7963: $? = 0
configure:7963: result: yes
configure:8467: checking for objdir
configure:8482: result: .libs
configure:8753: checking if gcc supports -fno-rtti -fno-exceptions
configure:8771: gcc -c -g -O2  -fno-rtti -fno-exceptions conftest.c >&5
cc1: warning: command line option "-fno-rtti" is valid for C++/ObjC++ but not for C
configure:8775: $? = 0
configure:8788: result: no
configure:9115: checking for gcc option to produce PIC
configure:9122: result: -fPIC -DPIC
configure:9130: checking if gcc PIC flag -fPIC -DPIC works
configure:9148: gcc -c -g -O2  -fPIC -DPIC -DPIC conftest.c >&5
configure:9152: $? = 0
configure:9165: result: yes
configure:9194: checking if gcc static flag -static works
configure:9222: result: yes
configure:9237: checking if gcc supports -c -o file.o
configure:9258: gcc -c -g -O2  -o out/conftest2.o conftest.c >&5
configure:9262: $? = 0
configure:9284: result: yes
configure:9292: checking if gcc supports -c -o file.o
configure:9339: result: yes
configure:9372: checking whether the gcc linker (/usr/bin/ld -m elf_x86_64) supports shared libraries
configure:10525: result: yes
configure:10562: checking whether -lc should be explicitly linked in
configure:10570: gcc -c -g -O2  conftest.c >&5
configure:10573: $? = 0
configure:10588: gcc -shared  -fPIC -DPIC conftest.o  -v -Wl,-soname -Wl,conftest -o conftest 2\>\&1 \| /bin/grep  -lc  \>/dev/null 2\>\&1
configure:10591: $? = 0
configure:10605: result: no
configure:10765: checking dynamic linker characteristics
configure:11276: gcc -o conftest -g -O2   -Wl,-rpath -Wl,/foo conftest.c  >&5
configure:11276: $? = 0
configure:11498: result: GNU/Linux ld.so
configure:11605: checking how to hardcode library paths into programs
configure:11630: result: immediate
configure:12170: checking whether stripping libraries is possible
configure:12175: result: yes
configure:12210: checking if libtool supports shared libraries
configure:12212: result: yes
configure:12215: checking whether to build shared libraries
configure:12236: result: yes
configure:12239: checking whether to build static libraries
configure:12243: result: yes
configure:12329: checking for gcc
configure:12356: result: gcc
configure:12585: checking for C compiler version
configure:12594: gcc --version >&5
gcc (GCC) 4.4.7 20120313 (Red Hat 4.4.7-11)
Copyright (C) 2010 Free Software Foundation, Inc.
This is free software; see the source for copying conditions.  There is NO
warranty; not even for MERCHANTABILITY or FITNESS FOR A PARTICULAR PURPOSE.

configure:12605: $? = 0
configure:12594: gcc -v >&5
Using built-in specs.
Target: x86_64-redhat-linux
Configured with: ../configure --prefix=/usr --mandir=/usr/share/man --infodir=/usr/share/info --with-bugurl=http://bugzilla.redhat.com/bugzilla --enable-bootstrap --enable-shared --enable-threads=posix --enable-checking=release --with-system-zlib --enable-__cxa_atexit --disable-libunwind-exceptions --enable-gnu-unique-object --enable-languages=c,c++,objc,obj-c++,java,fortran,ada --enable-java-awt=gtk --disable-dssi --with-java-home=/usr/lib/jvm/java-1.5.0-gcj-1.5.0.0/jre --enable-libgcj-multifile --enable-java-maintainer-mode --with-ecj-jar=/usr/share/java/eclipse-ecj.jar --disable-libjava-multilib --with-ppl --with-cloog --with-tune=generic --with-arch_32=i686 --build=x86_64-redhat-linux
Thread model: posix
gcc version 4.4.7 20120313 (Red Hat 4.4.7-11) (GCC) 
configure:12605: $? = 0
configure:12594: gcc -V >&5
gcc: '-V' option must have argument
configure:12605: $? = 1
configure:12594: gcc -qversion >&5
gcc: unrecognized option '-qversion'
gcc: no input files
configure:12605: $? = 1
configure:12609: checking whether we are using the GNU C compiler
configure:12637: result: yes
configure:12646: checking whether gcc accepts -g
configure:12707: result: yes
configure:12724: checking for gcc option to accept ISO C89
configure:12800: result: none needed
configure:12825: checking whether gcc understands -c and -o together
configure:12862: result: yes
configure:12881: checking dependency style of gcc
configure:12992: result: gcc3
configure:13065: checking for pkg-config
configure:13083: found /usr/bin/pkg-config
configure:13095: result: /usr/bin/pkg-config
configure:13120: checking pkg-config is at least version 0.9.0
configure:13123: result: yes
configure:13134: checking for gsl
configure:13141: $PKG_CONFIG --exists --print-errors "gsl >= 1.13"
configure:13144: $? = 0
configure:13158: $PKG_CONFIG --exists --print-errors "gsl >= 1.13"
configure:13161: $? = 0
configure:13219: result: yes
configure:13344: checking for Fortran compiler version
configure:13353: gfortran --version >&5
GNU Fortran (GCC) 4.4.7 20120313 (Red Hat 4.4.7-11)
Copyright (C) 2010 Free Software Foundation, Inc.

GNU Fortran comes with NO WARRANTY, to the extent permitted by law.
You may redistribute copies of GNU Fortran
under the terms of the GNU General Public License.
For more information about these matters, see the file named COPYING

configure:13364: $? = 0
configure:13353: gfortran -v >&5
Using built-in specs.
Target: x86_64-redhat-linux
Configured with: ../configure --prefix=/usr --mandir=/usr/share/man --infodir=/usr/share/info --with-bugurl=http://bugzilla.redhat.com/bugzilla --enable-bootstrap --enable-shared --enable-threads=posix --enable-checking=release --with-system-zlib --enable-__cxa_atexit --disable-libunwind-exceptions --enable-gnu-unique-object --enable-languages=c,c++,objc,obj-c++,java,fortran,ada --enable-java-awt=gtk --disable-dssi --with-java-home=/usr/lib/jvm/java-1.5.0-gcj-1.5.0.0/jre --enable-libgcj-multifile --enable-java-maintainer-mode --with-ecj-jar=/usr/share/java/eclipse-ecj.jar --disable-libjava-multilib --with-ppl --with-cloog --with-tune=generic --with-arch_32=i686 --build=x86_64-redhat-linux
Thread model: posix
gcc version 4.4.7 20120313 (Red Hat 4.4.7-11) (GCC) 
configure:13364: $? = 0
configure:13353: gfortran -V >&5
gfortran: '-V' option must have argument
configure:13364: $? = 1
configure:13353: gfortran -qversion >&5
gfortran: unrecognized option '-qversion'
gfortran: no input files
configure:13364: $? = 1
configure:13373: checking whether we are using the GNU Fortran compiler
configure:13386: gfortran -c   conftest.F >&5
configure:13386: $? = 0
configure:13395: result: yes
configure:13401: checking whether gfortran accepts -g
configure:13412: gfortran -c -g  conftest.f >&5
configure:13412: $? = 0
configure:13420: result: yes
configure:13569: checking if libtool supports shared libraries
configure:13571: result: yes
configure:13574: checking whether to build shared libraries
configure:13594: result: yes
configure:13597: checking whether to build static libraries
configure:13601: result: yes
configure:13635: gfortran -c -g -O2  conftest.f >&5
configure:13638: $? = 0
configure:14085: checking for gfortran option to produce PIC
configure:14092: result: -fPIC
configure:14100: checking if gfortran PIC flag -fPIC works
configure:14118: gfortran -c -g -O2 -fPIC  conftest.f >&5
configure:14122: $? = 0
configure:14135: result: yes
configure:14158: checking if gfortran static flag -static works
configure:14186: result: yes
configure:14198: checking if gfortran supports -c -o file.o
configure:14219: gfortran -c -g -O2 -o out/conftest2.o  conftest.f >&5
configure:14223: $? = 0
configure:14245: result: yes
configure:14250: checking if gfortran supports -c -o file.o
configure:14297: result: yes
configure:14327: checking whether the gfortran linker (/usr/bin/ld -m elf_x86_64) supports shared libraries
configure:15430: result: yes
configure:15571: checking dynamic linker characteristics
configure:16232: result: GNU/Linux ld.so
configure:16285: checking how to hardcode library paths into programs
configure:16310: result: immediate
configure:16353: checking for Fortran flag to compile .F90 files
configure:16373: gfortran -c -g -O2  conftest.F90 >&5
configure:16373: $? = 0
configure:16382: result: none
configure:16397: checking whether the fortran compiler supports the 2003 feature: ieee_exceptions
configure:16417: gfortran -c -g -O2  conftest.F90 >&5
conftest.F90:3.33:

USE, INTRINSIC :: ieee_exceptions
                                 1
Fatal Error: Can't find an intrinsic module named 'ieee_exceptions' at (1)
configure:16417: $? = 1
configure: failed program was:
| 
| PROGRAM main
| USE, INTRINSIC :: ieee_exceptions
| IMPLICIT NONE
| INTEGER :: i = 0
| 
| 	i = i+1
| 
| 
| ENDPROGRAM
| 
configure:16428: result: no
configure:16457: checking size of long
configure:16462: gcc -o conftest -g -O2   conftest.c  >&5
configure:16462: $? = 0
configure:16462: ./conftest
configure:16462: $? = 0
configure:16476: result: 8
configure:16490: checking size of size_t
configure:16495: gcc -o conftest -g -O2   conftest.c  >&5
configure:16495: $? = 0
configure:16495: ./conftest
configure:16495: $? = 0
configure:16509: result: 8
configure:16524: 64 bit architecture detected
configure:16530: checking for a sed that does not truncate output
configure:16594: result: /bin/sed
configure:16626: checking for gfortran option to support OpenMP
configure:16641: gfortran -o conftest -g -O2   conftest.F90  >&5
conftest.F90:5.9:

      tid = 42
         1
Error: Symbol 'tid' at (1) has no IMPLICIT type
configure:16641: $? = 1
configure: failed program was:
| 
|       program main
|       implicit none
| !$    integer tid
|       tid = 42
|       call omp_set_num_threads(2)
|       end
| 
configure:16659: gfortran -o conftest -g -O2 -fopenmp   conftest.F90  >&5
configure:16659: $? = 0
configure:16673: result: -fopenmp
configure:16846: checking that generated files are newer than configure
configure:16852: result: done
configure:16883: creating ./config.status

## ---------------------- ##
## Running config.status. ##
## ---------------------- ##

This file was extended by fgsl config.status 1.0.0, which was
generated by GNU Autoconf 2.69.  Invocation command line was

  CONFIG_FILES    = 
  CONFIG_HEADERS  = 
  CONFIG_LINKS    = 
  CONFIG_COMMANDS = 
  $ ./config.status 

on login1.cluster

config.status:1178: creating Makefile
config.status:1178: creating api/Makefile
config.status:1178: creating interface/Makefile
config.status:1178: creating tests/Makefile
config.status:1178: creating fgsl.pc
config.status:1178: creating fgsl.spec
config.status:1178: creating doc/Makefile
config.status:1178: creating doc/examples/Makefile
config.status:1178: creating config.h
config.status:1407: executing depfiles commands
config.status:1407: executing libtool commands

## ---------------- ##
## Cache variables. ##
## ---------------- ##

ac_cv_build=x86_64-unknown-linux-gnu
ac_cv_c_compiler_gnu=yes
ac_cv_env_CC_set=
ac_cv_env_CC_value=
ac_cv_env_CFLAGS_set=
ac_cv_env_CFLAGS_value=
ac_cv_env_CPPFLAGS_set=
ac_cv_env_CPPFLAGS_value=
ac_cv_env_CPP_set=
ac_cv_env_CPP_value=
ac_cv_env_FCFLAGS_set=
ac_cv_env_FCFLAGS_value=
ac_cv_env_FC_set=set
ac_cv_env_FC_value=gfortran
ac_cv_env_LDFLAGS_set=
ac_cv_env_LDFLAGS_value=
ac_cv_env_LIBS_set=
ac_cv_env_LIBS_value=
ac_cv_env_PKG_CONFIG_LIBDIR_set=
ac_cv_env_PKG_CONFIG_LIBDIR_value=
ac_cv_env_PKG_CONFIG_PATH_set=
ac_cv_env_PKG_CONFIG_PATH_value=
ac_cv_env_PKG_CONFIG_set=
ac_cv_env_PKG_CONFIG_value=
ac_cv_env_build_alias_set=
ac_cv_env_build_alias_value=
ac_cv_env_gsl_CFLAGS_set=
ac_cv_env_gsl_CFLAGS_value=
ac_cv_env_gsl_LIBS_set=
ac_cv_env_gsl_LIBS_value=
ac_cv_env_host_alias_set=
ac_cv_env_host_alias_value=
ac_cv_env_target_alias_set=
ac_cv_env_target_alias_value=
ac_cv_fc_compiler_gnu=yes
ac_cv_fc_srcext_F90=none
ac_cv_header_dlfcn_h=yes
ac_cv_header_inttypes_h=yes
ac_cv_header_memory_h=yes
ac_cv_header_minix_config_h=no
ac_cv_header_stdc=yes
ac_cv_header_stdint_h=yes
ac_cv_header_stdlib_h=yes
ac_cv_header_string_h=yes
ac_cv_header_strings_h=yes
ac_cv_header_sys_stat_h=yes
ac_cv_header_sys_types_h=yes
ac_cv_header_unistd_h=yes
ac_cv_host=x86_64-unknown-linux-gnu
ac_cv_objext=o
ac_cv_path_EGREP='/bin/grep -E'
ac_cv_path_FGREP='/bin/grep -F'
ac_cv_path_GREP=/bin/grep
ac_cv_path_SED=/bin/sed
ac_cv_path_ac_pt_PKG_CONFIG=/usr/bin/pkg-config
ac_cv_path_install='/usr/bin/install -c'
ac_cv_path_mkdir=/bin/mkdir
ac_cv_prog_AWK=gawk
ac_cv_prog_CPP='gcc -E'
ac_cv_prog_ac_ct_AR=ar
ac_cv_prog_ac_ct_CC=gcc
ac_cv_prog_ac_ct_OBJDUMP=objdump
ac_cv_prog_ac_ct_RANLIB=ranlib
ac_cv_prog_ac_ct_STRIP=strip
ac_cv_prog_cc_c89=
ac_cv_prog_cc_g=yes
ac_cv_prog_fc_g=yes
ac_cv_prog_fc_openmp=-fopenmp
ac_cv_prog_make_make_set=yes
ac_cv_safe_to_define___extensions__=yes
ac_cv_sizeof_long=8
ac_cv_sizeof_size_t=8
am_cv_CC_dependencies_compiler_type=gcc3
am_cv_ar_interface=ar
am_cv_make_support_nested_variables=yes
am_cv_prog_cc_c_o=yes
lt_cv_ar_at_file=@
lt_cv_archive_cmds_need_lc=no
lt_cv_deplibs_check_method=pass_all
lt_cv_file_magic_cmd='$MAGIC_CMD'
lt_cv_file_magic_test_file=
lt_cv_ld_reload_flag=-r
lt_cv_nm_interface='BSD nm'
lt_cv_objdir=.libs
lt_cv_path_LD=/usr/bin/ld
lt_cv_path_NM='/usr/bin/nm -B'
lt_cv_path_mainfest_tool=no
lt_cv_prog_compiler_c_o=yes
lt_cv_prog_compiler_c_o_FC=yes
lt_cv_prog_compiler_pic='-fPIC -DPIC'
lt_cv_prog_compiler_pic_FC=-fPIC
lt_cv_prog_compiler_pic_works=yes
lt_cv_prog_compiler_pic_works_FC=yes
lt_cv_prog_compiler_rtti_exceptions=no
lt_cv_prog_compiler_static_works=yes
lt_cv_prog_compiler_static_works_FC=yes
lt_cv_prog_gnu_ld=yes
lt_cv_sharedlib_from_linklib_cmd='printf %s\n'
lt_cv_shlibpath_overrides_runpath=no
lt_cv_sys_global_symbol_pipe='sed -n -e '\''s/^.*[	 ]\([ABCDGIRSTW][ABCDGIRSTW]*\)[	 ][	 ]*\([_A-Za-z][_A-Za-z0-9]*\)$/\1 \2 \2/p'\'' | sed '\''/ __gnu_lto/d'\'''
lt_cv_sys_global_symbol_to_c_name_address='sed -n -e '\''s/^: \([^ ]*\)[ ]*$/  {\"\1\", (void *) 0},/p'\'' -e '\''s/^[ABCDGIRSTW]* \([^ ]*\) \([^ ]*\)$/  {"\2", (void *) \&\2},/p'\'''
lt_cv_sys_global_symbol_to_c_name_address_lib_prefix='sed -n -e '\''s/^: \([^ ]*\)[ ]*$/  {\"\1\", (void *) 0},/p'\'' -e '\''s/^[ABCDGIRSTW]* \([^ ]*\) \(lib[^ ]*\)$/  {"\2", (void *) \&\2},/p'\'' -e '\''s/^[ABCDGIRSTW]* \([^ ]*\) \([^ ]*\)$/  {"lib\2", (void *) \&\2},/p'\'''
lt_cv_sys_global_symbol_to_cdecl='sed -n -e '\''s/^T .* \(.*\)$/extern int \1();/p'\'' -e '\''s/^[ABCDGIRSTW]* .* \(.*\)$/extern char \1;/p'\'''
lt_cv_sys_max_cmd_len=3458764513820540925
lt_cv_to_host_file_cmd=func_convert_file_noop
lt_cv_to_tool_file_cmd=func_convert_file_noop
pkg_cv_gsl_CFLAGS=' '
pkg_cv_gsl_LIBS='-lgsl -lgslcblas -lm  '

## ----------------- ##
## Output variables. ##
## ----------------- ##

ABS_SRC_BUILD_EQUAL_FALSE='#'
ABS_SRC_BUILD_EQUAL_TRUE=''
ACLOCAL='${SHELL} /home/cardonac/projects/tSZ-CMB-lensing-bispectrum/tSZCMB/Libraries/fgsl-1.0.0/build-aux/missing aclocal-1.14'
AMDEPBACKSLASH='\'
AMDEP_FALSE='#'
AMDEP_TRUE=''
AMTAR='$${TAR-tar}'
AM_BACKSLASH='\'
AM_DEFAULT_V='$(AM_DEFAULT_VERBOSITY)'
AM_DEFAULT_VERBOSITY='1'
AM_V='$(V)'
AR='ar'
AS='as'
AUTOCONF='${SHELL} /home/cardonac/projects/tSZ-CMB-lensing-bispectrum/tSZCMB/Libraries/fgsl-1.0.0/build-aux/missing autoconf'
AUTOHEADER='${SHELL} /home/cardonac/projects/tSZ-CMB-lensing-bispectrum/tSZCMB/Libraries/fgsl-1.0.0/build-aux/missing autoheader'
AUTOMAKE='${SHELL} /home/cardonac/projects/tSZ-CMB-lensing-bispectrum/tSZCMB/Libraries/fgsl-1.0.0/build-aux/missing automake-1.14'
AWK='gawk'
CC='gcc'
CCDEPMODE='depmode=gcc3'
CFLAGS='-g -O2'
CPP='gcc -E'
CPPFLAGS=''
CYGPATH_W='echo'
DEFS='-DHAVE_CONFIG_H'
DEPDIR='.deps'
DLLTOOL='false'
DSYMUTIL=''
DUMPBIN=''
ECHO_C=''
ECHO_N='-n'
ECHO_T=''
EGREP='/bin/grep -E'
EXEEXT=''
FC='gfortran'
FCFLAGS='-g -O2'
FCFLAGS_F90=''
FGREP='/bin/grep -F'
FGSL_LDFLAGS=''
GREP='/bin/grep'
GSL_VERSION='1.13'
INSTALL_DATA='${INSTALL} -m 644'
INSTALL_PROGRAM='${INSTALL}'
INSTALL_SCRIPT='${INSTALL}'
INSTALL_STRIP_PROGRAM='$(install_sh) -c -s'
LD='/usr/bin/ld -m elf_x86_64'
LDFLAGS=''
LIBOBJS=''
LIBS=''
LIBTOOL='$(SHELL) $(top_builddir)/libtool'
LIB_AGE='0'
LIB_CURRENT='0'
LIB_REVISION='0'
LIPO=''
LN_S='ln -s'
LTLIBOBJS=''
MAKEINFO='${SHELL} /home/cardonac/projects/tSZ-CMB-lensing-bispectrum/tSZCMB/Libraries/fgsl-1.0.0/build-aux/missing makeinfo'
MANIFEST_TOOL=':'
MKDIR_P='/bin/mkdir -p'
NM='/usr/bin/nm -B'
NMEDIT=''
OBJDUMP='objdump'
OBJEXT='o'
OPENMP_FCFLAGS='-fopenmp'
OTOOL64=''
OTOOL=''
PACKAGE='fgsl'
PACKAGE_BUGREPORT='Reinhold.Bader@lrz.de'
PACKAGE_NAME='fgsl'
PACKAGE_STRING='fgsl 1.0.0'
PACKAGE_TARNAME='fgsl'
PACKAGE_URL=''
PACKAGE_VERSION='1.0.0'
PATH_SEPARATOR=':'
PKG_CONFIG='/usr/bin/pkg-config'
PKG_CONFIG_LIBDIR=''
PKG_CONFIG_PATH=''
RANLIB='ranlib'
SED='/bin/sed'
SET_MAKE=''
SHELL='/bin/sh'
STRIP='strip'
VERSION='1.0.0'
abs_top_builddir='/home/cardonac/projects/tSZ-CMB-lensing-bispectrum/tSZCMB/Libraries/fgsl-1.0.0'
abs_top_srcdir='/home/cardonac/projects/tSZ-CMB-lensing-bispectrum/tSZCMB/Libraries/fgsl-1.0.0'
ac_ct_AR='ar'
ac_ct_CC='gcc'
ac_ct_DUMPBIN=''
ac_ct_FC=''
am__EXEEXT_FALSE=''
am__EXEEXT_TRUE='#'
am__fastdepCC_FALSE='#'
am__fastdepCC_TRUE=''
am__include='include'
am__isrc=''
am__leading_dot='.'
am__nodep='_no'
am__quote=''
am__tar='$${TAR-tar} chof - "$$tardir"'
am__untar='$${TAR-tar} xf -'
bindir='${exec_prefix}/bin'
build='x86_64-unknown-linux-gnu'
build_alias=''
build_cpu='x86_64'
build_os='linux-gnu'
build_vendor='unknown'
datadir='${datarootdir}'
datarootdir='${prefix}/share'
docdir='${datarootdir}/doc/${PACKAGE_TARNAME}'
dvidir='${docdir}'
exec_prefix='${prefix}'
gsl_CFLAGS=' '
gsl_LIBS='-lgsl -lgslcblas -lm  '
host='x86_64-unknown-linux-gnu'
host_alias=''
host_cpu='x86_64'
host_os='linux-gnu'
host_vendor='unknown'
htmldir='${docdir}'
includedir='${prefix}/include'
infodir='${datarootdir}/info'
install_sh='${SHELL} /home/cardonac/projects/tSZ-CMB-lensing-bispectrum/tSZCMB/Libraries/fgsl-1.0.0/build-aux/install-sh'
libdir='${exec_prefix}/lib'
libexecdir='${exec_prefix}/libexec'
localedir='${datarootdir}/locale'
localstatedir='${prefix}/var'
mandir='${datarootdir}/man'
mkdir_p='$(MKDIR_P)'
oldincludedir='/usr/include'
pdfdir='${docdir}'
prefix='/home/cardonac/projects/tSZ-CMB-lensing-bispectrum/tSZCMB/Libraries'
program_transform_name='s,x,x,'
psdir='${docdir}'
sbindir='${exec_prefix}/sbin'
sharedstatedir='${prefix}/com'
sysconfdir='${prefix}/etc'
target_alias=''

## ----------- ##
## confdefs.h. ##
## ----------- ##

/* confdefs.h */
#define PACKAGE_NAME "fgsl"
#define PACKAGE_TARNAME "fgsl"
#define PACKAGE_VERSION "1.0.0"
#define PACKAGE_STRING "fgsl 1.0.0"
#define PACKAGE_BUGREPORT "Reinhold.Bader@lrz.de"
#define PACKAGE_URL ""
#define PACKAGE "fgsl"
#define VERSION "1.0.0"
#define STDC_HEADERS 1
#define HAVE_SYS_TYPES_H 1
#define HAVE_SYS_STAT_H 1
#define HAVE_STDLIB_H 1
#define HAVE_STRING_H 1
#define HAVE_MEMORY_H 1
#define HAVE_STRINGS_H 1
#define HAVE_INTTYPES_H 1
#define HAVE_STDINT_H 1
#define HAVE_UNISTD_H 1
#define __EXTENSIONS__ 1
#define _ALL_SOURCE 1
#define _GNU_SOURCE 1
#define _POSIX_PTHREAD_SEMANTICS 1
#define _TANDEM_SOURCE 1
#define HAVE_DLFCN_H 1
#define LT_OBJDIR ".libs/"
#define GSL_VERSION '1.13'
#define GSL_VERSION2 1.13
#define SIZEOF_LONG 8
#define SIZEOF_SIZE_T 8
#define GSL_VERSION_MAJOR_FORTRAN 1
#define GSL_VERSION_MINOR_FORTRAN 13

configure: exit 0
